=== finding episodes ===
[DELIVERED] seed 0: len 568 failx 3.12
[DROPPED] seed 100: len 26 failx -3.19
[DROPPED] seed 11: len 105 failx -2.03
[CRASHED] seed 19: len 271 failx -0.48
[DROPPED] seed 64: len 327 failx 0.63
=== rendering ===
  wrote hero.png (hero)
  skip master_drone.mp4 (exists)
  skip master_chase.mp4 (exists)
  wrote master_fpp.mp4 (613 frames, fpp)
  skip master_orbit.mp4 (exists)
  skip master_side.mp4 (exists)
  skip flail_chase.mp4 (exists)
  skip flail_drone.mp4 (exists)
  wrote pillar_fpp.mp4 (123 frames, fpp)
  skip pillar_chase.mp4 (exists)
  skip crash_drone.mp4 (exists)
  skip crash_chase.mp4 (exists)
  skip stair_chase.mp4 (exists)
  wrote stair_fpp.mp4 (345 frames, fpp)
done -> C:\Users\balaj\RL-using-Mirte\scratchpad\cine2
