[02:30:04] ladder_chain: waiting for v29's overnight watch to finish
[05:54:06] v29 BEST: 51/60 success, trimmed 119.1, snap runs/ppo_gimbal_v29/snap_08000k
[05:54:06] === launching v30: from runs/ppo_gimbal_v29/snap_08000k  lr=5e-06 ===
[06:00:32] v30 10k: 49/60 success, median 128.1, trimmed 115.7, {'dropped': 9, 'collision': 2}
[06:06:05] v30 50k: 49/60 success, median 126.9, trimmed 115.9, {'dropped': 8, 'collision': 3}
[06:11:28] v30 100k: 46/60 success, median 127.8, trimmed 108.4, {'dropped': 11, 'collision': 3}
[06:17:00] v30 250k: 46/60 success, median 126.9, trimmed 107.9, {'dropped': 9, 'collision': 5}
[06:22:32] v30 500k: 45/60 success, median 127.2, trimmed 105.9, {'dropped': 13, 'collision': 2}
[06:36:34] v30 1M: 52/60 success, median 129.9, trimmed 124.0, {'dropped': 7, 'collision': 1}
[06:54:12] v30 1M: 49/60 success, median 130.1, trimmed 116.9, {'dropped': 9, 'collision': 2}
[07:11:58] v30 2M: 49/60 success, median 129.4, trimmed 116.8, {'dropped': 9, 'collision': 2}
[07:46:26] v30 3M: 54/60 success, median 130.2, trimmed 128.7, {'dropped': 5, 'collision': 1}
[07:46:26] *** GOAL REACHED: v30 3M = 54/60 (>=90%) ***
[07:46:26] v30 BEST: 54/60 success, trimmed 128.7, snap runs/ppo_gimbal_v30/snap_03000k
[07:46:26] *** GOAL REACHED at v30: 54/60 (>=90%) -- chain stopping ***
[07:46:26] === LADDER CHAIN DONE. Final best: v30 = 54/60 (90%), snap runs/ppo_gimbal_v30/snap_03000k ===
[10:04:05] ladder_chain v2 (confirmation-gated): resuming v30
[10:04:05] === resuming watch on v30 (already running) ===
[10:08:20] v30 1.5M: 49/60 success, median 130.1, trimmed 116.9, {'dropped': 9, 'collision': 2}
[10:08:20] v30 3M headline 54/60 (>=90%) -- running independent confirmation on fresh seeds before declaring anything
[10:12:27] v30 3M_confirm: 44/60 success, median 127.1, trimmed 101.5, {'dropped': 7, 'collision': 7, 'stalled': 2}
[10:12:27] v30 3M: headline 54/60 did NOT hold on confirmation (44/60 fresh eps) -- not declaring victory, continuing to train
[10:16:40] v30 7M: 48/60 success, median 127.4, trimmed 112.7, {'dropped': 11, 'collision': 1}
[10:45:43] === launching v31: from runs/ppo_gimbal_v30/ppo_final, lr=5e-06, NO-CURRICULUM ===
[11:07:28] v31 500k: 49/60 (median 127.0)
[11:23:52] v31 1M: 49/60 (median 127.3)
[11:40:13] v31 1.5M: 50/60 (median 128.6)
[11:55:43] v31 2M: 48/60 (median 128.3)
[12:28:15] v31 3M: 46/60 (median 128.0)
[12:39:44] === resuming watch on v31 (already training) ===
[12:39:44] v31 500k: 49/60 (median 127.0)
[12:39:44] v31 1M: 49/60 (median 127.3)
[12:39:44] v31 1.5M: 50/60 (median 128.6)
[12:39:44] v31 2M: 48/60 (median 128.3)
[12:39:44] v31 3M: 46/60 (median 128.0)
[13:00:41] v31 4M: 52/60 (median 128.1)
[13:05:50] v31 4M confirm: 52/60 fresh -> pooled 104/120 (86.7%)
[13:31:11] v31 5M: 48/60 (median 128.8)
[14:00:07] v31 6M: 49/60 (median 129.4)
[14:32:08] v31 7M: 50/60 (median 127.3)
[15:01:31] v31 8M: 49/60 (median 127.9)
[15:05:30] v31 final: 53/60 (median 128.5)
[15:09:19] v31 BEST runs/ppo_gimbal_v31/ppo_final: headline 53/60, fresh 48/60 -> pooled 84.2% (parent bar 82.2%)
[15:09:19] chain continues -> v32 from runs/ppo_gimbal_v31/ppo_final at lr 2.5e-06
[15:09:19] === launching v32: from runs/ppo_gimbal_v31/ppo_final, lr=2.5e-06, NO-CURRICULUM ===
[15:31:20] v32 500k: 52/60 (median 127.8)
[15:36:28] v32 500k confirm: 49/60 fresh -> pooled 101/120 (84.2%)
[15:46:57] v32 1M: 51/60 (median 128.7)
[16:04:18] v32 1.5M: 47/60 (median 128.6)
[16:22:11] v32 2M: 48/60 (median 127.4)
[15:32:03] === launching v33: from runs/ppo_gimbal_v32/snap_02000k, lr=2.5e-06, NO-CURRICULUM ===
[15:54:14] v33 500k: 50/60 (median 126.6)
[16:11:14] v33 1M: 54/60 (median 128.5)
[16:16:34] v33 1M confirm: 52/60 fresh -> pooled 106/120 (88.3%)
[16:27:08] v33 1.5M: 52/60 (median 128.3)
[16:32:25] v33 1.5M confirm: 50/60 fresh -> pooled 102/120 (85.0%)
[16:43:31] v33 2M: 49/60 (median 126.4)
[17:14:36] v33 3M: 50/60 (median 127.3)
[17:46:17] v33 4M: 44/60 (median 126.7)
[18:16:58] v33 5M: 48/60 (median 129.5)
[18:47:29] v33 6M: 47/60 (median 127.5)
[22:38:21] === launching v34: from best_policy/mirte_best, lr=2.5e-06, NO-CURRICULUM, fresh folder ===
[22:41:16] === resuming watch on v34 (already training, launched earlier this session) ===
