ep  1: SUCCESS          reward    115.1  steps  539  dist  0.35
ep  2: SUCCESS          reward    136.5  steps  551  dist  0.11
ep  3: SUCCESS          reward    120.3  steps  537  dist  0.31
ep  4: FAIL:dropped     reward      1.7  steps  715  dist  0.67
ep  5: SUCCESS          reward    128.0  steps  601  dist  0.26
ep  6: SUCCESS          reward    129.5  steps  618  dist  0.28
ep  7: SUCCESS          reward    134.8  steps  546  dist  0.34
ep  8: SUCCESS          reward    132.4  steps  550  dist  0.29
ep  9: SUCCESS          reward    124.8  steps  623  dist  0.15
ep 10: SUCCESS          reward    139.9  steps  561  dist  0.22
ep 11: SUCCESS          reward    134.9  steps  565  dist  0.14
ep 12: SUCCESS          reward    131.0  steps  555  dist  0.26
ep 13: SUCCESS          reward    130.3  steps  559  dist  0.28
ep 14: SUCCESS          reward    122.5  steps  555  dist  0.21
ep 15: FAIL:dropped     reward     -6.0  steps  314  dist  4.73
ep 16: SUCCESS          reward    127.3  steps  576  dist  0.27
ep 17: SUCCESS          reward    135.7  steps  596  dist  0.13
ep 18: SUCCESS          reward    127.9  steps  614  dist  0.07
ep 19: SUCCESS          reward    131.1  steps  575  dist  0.32
ep 20: SUCCESS          reward    124.2  steps  555  dist  0.33
ep 21: SUCCESS          reward    113.3  steps  548  dist  0.34
ep 22: FAIL:collision   reward     -0.8  steps  166  dist  4.67
ep 23: SUCCESS          reward    128.5  steps  621  dist  0.31
ep 24: SUCCESS          reward    136.3  steps  571  dist  0.11
ep 25: SUCCESS          reward    140.2  steps  565  dist  0.29
ep 26: SUCCESS          reward    136.0  steps  558  dist  0.24
ep 27: SUCCESS          reward    132.0  steps  561  dist  0.32
ep 28: SUCCESS          reward    123.7  steps  704  dist  0.11
ep 29: SUCCESS          reward    121.9  steps  556  dist  0.24
ep 30: SUCCESS          reward    138.0  steps  533  dist  0.21
ep 31: SUCCESS          reward    133.8  steps  588  dist  0.20
ep 32: FAIL:dropped     reward      3.8  steps  262  dist  3.67
ep 33: SUCCESS          reward    139.4  steps  538  dist  0.31
ep 34: SUCCESS          reward    137.4  steps  553  dist  0.24
ep 35: FAIL:dropped     reward     -5.8  steps  122  dist  4.97
ep 36: SUCCESS          reward    120.6  steps  562  dist  0.34
ep 37: SUCCESS          reward    125.2  steps  593  dist  0.16
ep 38: SUCCESS          reward    106.7  steps  752  dist  0.14
ep 39: SUCCESS          reward    122.2  steps  560  dist  0.21
ep 40: FAIL:collision   reward     -4.9  steps  842  dist  3.71
ep 41: SUCCESS          reward    130.1  steps  625  dist  0.12
ep 42: FAIL:dropped     reward      3.4  steps  203  dist  3.82
ep 43: SUCCESS          reward    125.2  steps  578  dist  0.26
ep 44: SUCCESS          reward    116.5  steps  624  dist  0.18
ep 45: SUCCESS          reward    138.3  steps  574  dist  0.11
ep 46: FAIL:dropped     reward    -47.9  steps  621  dist  4.18
ep 47: FAIL:dropped     reward     13.7  steps  271  dist  2.75
ep 48: FAIL:dropped     reward     -3.2  steps  345  dist  2.78
ep 49: SUCCESS          reward    124.1  steps  556  dist  0.16
ep 50: SUCCESS          reward    135.5  steps  535  dist  0.19
ep 51: FAIL:dropped     reward    -10.1  steps  162  dist  5.12
ep 52: SUCCESS          reward    135.8  steps  562  dist  0.33
ep 53: SUCCESS          reward    124.6  steps  553  dist  0.33
ep 54: SUCCESS          reward    127.8  steps  600  dist  0.23
ep 55: FAIL:collision   reward    -16.0  steps   48  dist  6.37
ep 56: SUCCESS          reward    135.3  steps  558  dist  0.16
ep 57: SUCCESS          reward    131.0  steps  563  dist  0.32
ep 58: SUCCESS          reward    136.9  steps  562  dist  0.10
ep 59: FAIL:dropped     reward     -9.8  steps  261  dist  4.16
ep 60: SUCCESS          reward    134.4  steps  567  dist  0.17
------------------------------------------------------------
checkpoint      : runs/ppo_gimbal_v30/snap_01000k
episodes        : 60
success         : 47/60  (78%)
failure causes  : {'dropped': 10, 'collision': 3}
timeout         : 0/60
avg reward      : 99.9   median 127.6   trimmed(10%) 109.5
avg ep length   : 524 steps
avg final dist  : 1.04 m  (0 = goal, ~6.5 = no progress)
