ep  1: SUCCESS          reward    117.3  steps  549  dist  0.28
ep  2: SUCCESS          reward    135.4  steps  554  dist  0.02
ep  3: SUCCESS          reward    118.9  steps  535  dist  0.31
ep  4: SUCCESS          reward    114.6  steps  577  dist  0.23
ep  5: SUCCESS          reward    126.6  steps  620  dist  0.17
ep  6: SUCCESS          reward    127.4  steps  633  dist  0.18
ep  7: SUCCESS          reward    132.5  steps  564  dist  0.31
ep  8: FAIL:dropped     reward     10.8  steps  431  dist  2.28
ep  9: SUCCESS          reward    127.2  steps  631  dist  0.09
ep 10: SUCCESS          reward    140.6  steps  570  dist  0.22
ep 11: SUCCESS          reward    132.8  steps  558  dist  0.18
ep 12: FAIL:dropped     reward     10.5  steps  272  dist  2.98
ep 13: SUCCESS          reward    127.9  steps  553  dist  0.31
ep 14: SUCCESS          reward    120.7  steps  583  dist  0.09
ep 15: FAIL:dropped     reward     -0.7  steps  229  dist  4.71
ep 16: SUCCESS          reward    124.5  steps  584  dist  0.28
ep 17: FAIL:dropped     reward     16.7  steps  384  dist  1.93
ep 18: SUCCESS          reward    126.4  steps  618  dist  0.06
ep 19: SUCCESS          reward    129.3  steps  577  dist  0.31
ep 20: SUCCESS          reward    122.2  steps  555  dist  0.28
ep 21: SUCCESS          reward    111.5  steps  565  dist  0.31
ep 22: FAIL:collision   reward     -0.8  steps  166  dist  4.68
ep 23: SUCCESS          reward    128.3  steps  649  dist  0.15
ep 24: SUCCESS          reward    135.2  steps  573  dist  0.06
ep 25: SUCCESS          reward    139.7  steps  567  dist  0.28
ep 26: FAIL:dropped     reward     -8.6  steps  152  dist  5.19
ep 27: SUCCESS          reward    132.5  steps  568  dist  0.28
ep 28: SUCCESS          reward    123.6  steps  587  dist  0.27
ep 29: SUCCESS          reward    118.7  steps  547  dist  0.29
ep 30: SUCCESS          reward    137.6  steps  537  dist  0.16
ep 31: SUCCESS          reward    133.2  steps  586  dist  0.13
ep 32: SUCCESS          reward    128.8  steps  558  dist  0.27
ep 33: SUCCESS          reward    138.8  steps  542  dist  0.31
ep 34: SUCCESS          reward    136.5  steps  537  dist  0.34
ep 35: FAIL:dropped     reward     -0.0  steps  164  dist  4.31
ep 36: SUCCESS          reward    119.9  steps  549  dist  0.31
ep 37: SUCCESS          reward    132.8  steps  600  dist  0.10
ep 38: SUCCESS          reward    128.6  steps  618  dist  0.13
ep 39: FAIL:collision   reward     -3.9  steps  166  dist  4.58
ep 40: FAIL:stalled     reward     -1.9  steps  853  dist  4.12
ep 41: FAIL:dropped     reward      0.5  steps  508  dist  2.29
ep 42: SUCCESS          reward    129.8  steps  531  dist  0.25
ep 43: SUCCESS          reward    123.8  steps  580  dist  0.04
ep 44: FAIL:dropped     reward      6.1  steps  489  dist  1.64
ep 45: FAIL:dropped     reward     24.3  steps  468  dist  1.09
ep 46: FAIL:dropped     reward      0.0  steps  597  dist  1.17
ep 47: FAIL:dropped     reward     14.0  steps  263  dist  2.65
ep 48: SUCCESS          reward    119.3  steps  553  dist  0.11
ep 49: SUCCESS          reward    123.7  steps  572  dist  0.01
ep 50: SUCCESS          reward    134.5  steps  548  dist  0.09
ep 51: SUCCESS          reward    122.9  steps  586  dist  0.16
ep 52: FAIL:dropped     reward      3.5  steps  218  dist  3.91
ep 53: SUCCESS          reward    124.0  steps  550  dist  0.23
ep 54: SUCCESS          reward    124.9  steps  609  dist  0.21
ep 55: FAIL:stalled     reward      0.5  steps  972  dist  3.90
ep 56: SUCCESS          reward    135.2  steps  558  dist  0.15
ep 57: SUCCESS          reward    129.3  steps  568  dist  0.31
ep 58: SUCCESS          reward    135.9  steps  568  dist  0.10
ep 59: SUCCESS          reward     97.9  steps  770  dist  0.20
ep 60: SUCCESS          reward    134.3  steps  568  dist  0.19
------------------------------------------------------------
checkpoint      : runs/ppo_gimbal_v30/snap_04000k
episodes        : 60
success         : 44/60  (73%)
failure causes  : {'dropped': 12, 'collision': 2, 'stalled': 2}
timeout         : 0/60
avg reward      : 94.6   median 123.9   trimmed(10%) 101.3
avg ep length   : 529 steps
avg final dist  : 1.00 m  (0 = goal, ~6.5 = no progress)
