ep  1: SUCCESS          reward    118.7  steps  567  dist  0.08
ep  2: SUCCESS          reward    135.6  steps  556  dist  0.05
ep  3: SUCCESS          reward    120.7  steps  537  dist  0.29
ep  4: SUCCESS          reward    110.6  steps  581  dist  0.20
ep  5: SUCCESS          reward    126.0  steps  610  dist  0.22
ep  6: SUCCESS          reward    125.7  steps  627  dist  0.20
ep  7: SUCCESS          reward    131.7  steps  547  dist  0.34
ep  8: SUCCESS          reward    130.7  steps  553  dist  0.27
ep  9: SUCCESS          reward    125.0  steps  629  dist  0.13
ep 10: FAIL:dropped     reward     20.4  steps  464  dist  1.87
ep 11: SUCCESS          reward    133.2  steps  556  dist  0.14
ep 12: SUCCESS          reward    130.0  steps  557  dist  0.22
ep 13: SUCCESS          reward    127.0  steps  559  dist  0.26
ep 14: SUCCESS          reward    120.0  steps  575  dist  0.07
ep 15: FAIL:dropped     reward     -7.4  steps  265  dist  5.13
ep 16: FAIL:collision   reward    -10.0  steps  118  dist  5.59
ep 17: SUCCESS          reward    134.9  steps  536  dist  0.24
ep 18: SUCCESS          reward    125.7  steps  599  dist  0.19
ep 19: SUCCESS          reward    130.5  steps  596  dist  0.20
ep 20: SUCCESS          reward    117.7  steps  560  dist  0.25
ep 21: SUCCESS          reward    110.2  steps  552  dist  0.31
ep 22: FAIL:collision   reward     -0.9  steps  165  dist  4.69
ep 23: SUCCESS          reward    127.3  steps  636  dist  0.14
ep 24: SUCCESS          reward    134.0  steps  570  dist  0.09
ep 25: SUCCESS          reward    140.1  steps  561  dist  0.28
ep 26: SUCCESS          reward    137.5  steps  576  dist  0.11
ep 27: SUCCESS          reward    132.9  steps  566  dist  0.30
ep 28: FAIL:dropped     reward     11.8  steps  433  dist  1.83
ep 29: SUCCESS          reward    118.7  steps  576  dist  0.18
ep 30: SUCCESS          reward    138.1  steps  531  dist  0.18
ep 31: SUCCESS          reward    132.3  steps  594  dist  0.16
ep 32: FAIL:dropped     reward    -15.0  steps  319  dist  4.69
ep 33: SUCCESS          reward    139.1  steps  545  dist  0.32
ep 34: SUCCESS          reward    137.0  steps  552  dist  0.21
ep 35: FAIL:dropped     reward     -9.3  steps  204  dist  5.09
ep 36: SUCCESS          reward    123.4  steps  557  dist  0.30
ep 37: FAIL:dropped     reward      1.2  steps  298  dist  3.26
ep 38: SUCCESS          reward    125.9  steps  618  dist  0.11
ep 39: SUCCESS          reward    121.4  steps  555  dist  0.23
ep 40: FAIL:stalled     reward     -5.4  steps 1009  dist  4.11
ep 41: SUCCESS          reward    129.4  steps  636  dist  0.07
ep 42: SUCCESS          reward    130.7  steps  527  dist  0.25
ep 43: SUCCESS          reward    121.9  steps  573  dist  0.06
ep 44: SUCCESS          reward    116.3  steps  626  dist  0.17
ep 45: SUCCESS          reward    138.5  steps  571  dist  0.07
ep 46: SUCCESS          reward    112.1  steps  708  dist  0.13
ep 47: SUCCESS          reward    135.8  steps  529  dist  0.16
ep 48: SUCCESS          reward    118.2  steps  552  dist  0.14
ep 49: SUCCESS          reward    123.0  steps  569  dist  0.04
ep 50: SUCCESS          reward    134.2  steps  549  dist  0.10
ep 51: FAIL:dropped     reward     -6.7  steps  142  dist  5.35
ep 52: SUCCESS          reward    136.8  steps  568  dist  0.23
ep 53: SUCCESS          reward    123.0  steps  549  dist  0.30
ep 54: SUCCESS          reward    123.2  steps  592  dist  0.33
ep 55: FAIL:stalled     reward     -2.1  steps 1160  dist  3.88
ep 56: SUCCESS          reward    135.6  steps  561  dist  0.18
ep 57: SUCCESS          reward    127.9  steps  561  dist  0.31
ep 58: SUCCESS          reward    136.3  steps  565  dist  0.12
ep 59: FAIL:collision   reward    -14.1  steps   74  dist  5.84
ep 60: SUCCESS          reward    133.0  steps  568  dist  0.19
------------------------------------------------------------
checkpoint      : runs/ppo_gimbal_v30/snap_08000k
episodes        : 60
success         : 48/60  (80%)
failure causes  : {'dropped': 7, 'collision': 3, 'stalled': 2}
timeout         : 0/60
avg reward      : 101.7   median 125.7   trimmed(10%) 111.1
avg ep length   : 536 steps
avg final dist  : 1.01 m  (0 = goal, ~6.5 = no progress)
