ep  1: SUCCESS          reward    119.1  steps  570  dist  0.13
ep  2: SUCCESS          reward    136.3  steps  556  dist  0.08
ep  3: SUCCESS          reward    118.7  steps  534  dist  0.26
ep  4: SUCCESS          reward    111.4  steps  574  dist  0.27
ep  5: SUCCESS          reward    127.3  steps  614  dist  0.20
ep  6: SUCCESS          reward    126.1  steps  618  dist  0.18
ep  7: SUCCESS          reward    133.0  steps  550  dist  0.29
ep  8: SUCCESS          reward    130.9  steps  559  dist  0.27
ep  9: SUCCESS          reward    124.0  steps  631  dist  0.17
ep 10: SUCCESS          reward    140.6  steps  572  dist  0.22
ep 11: SUCCESS          reward    133.2  steps  527  dist  0.34
ep 12: SUCCESS          reward    130.5  steps  561  dist  0.23
ep 13: SUCCESS          reward    129.4  steps  562  dist  0.28
ep 14: SUCCESS          reward    120.2  steps  550  dist  0.20
ep 15: SUCCESS          reward    135.5  steps  601  dist  0.24
ep 16: SUCCESS          reward    127.1  steps  581  dist  0.24
ep 17: FAIL:dropped     reward     12.9  steps  463  dist  1.96
ep 18: SUCCESS          reward    128.7  steps  612  dist  0.09
ep 19: SUCCESS          reward    131.5  steps  587  dist  0.26
ep 20: SUCCESS          reward    121.9  steps  552  dist  0.29
ep 21: SUCCESS          reward    112.0  steps  556  dist  0.32
ep 22: FAIL:collision   reward     -0.8  steps  165  dist  4.71
ep 23: SUCCESS          reward    127.3  steps  636  dist  0.18
ep 24: SUCCESS          reward    134.8  steps  578  dist  0.14
ep 25: SUCCESS          reward    139.7  steps  567  dist  0.31
ep 26: SUCCESS          reward    137.7  steps  576  dist  0.10
ep 27: FAIL:collision   reward    -16.3  steps   59  dist  6.11
ep 28: SUCCESS          reward    125.1  steps  606  dist  0.13
ep 29: SUCCESS          reward    121.7  steps  558  dist  0.21
ep 30: SUCCESS          reward    138.5  steps  539  dist  0.20
ep 31: SUCCESS          reward    133.6  steps  591  dist  0.18
ep 32: SUCCESS          reward    128.9  steps  567  dist  0.25
ep 33: SUCCESS          reward    141.6  steps  599  dist  0.10
ep 34: SUCCESS          reward    136.5  steps  539  dist  0.34
ep 35: FAIL:dropped     reward     -6.2  steps  121  dist  4.99
ep 36: FAIL:collision   reward     -6.9  steps  257  dist  3.69
ep 37: SUCCESS          reward    127.2  steps  595  dist  0.16
ep 38: FAIL:collision   reward     -3.6  steps  149  dist  4.80
ep 39: SUCCESS          reward    126.5  steps  563  dist  0.21
ep 40: FAIL:dropped     reward    -10.4  steps  477  dist  3.93
ep 41: SUCCESS          reward    129.8  steps  634  dist  0.04
ep 42: SUCCESS          reward    130.7  steps  530  dist  0.34
ep 43: SUCCESS          reward    127.0  steps  566  dist  0.04
ep 44: FAIL:dropped     reward     -3.7  steps  318  dist  3.42
ep 45: SUCCESS          reward    138.8  steps  576  dist  0.06
ep 46: SUCCESS          reward    111.7  steps  701  dist  0.11
ep 47: SUCCESS          reward    135.9  steps  547  dist  0.11
ep 48: SUCCESS          reward    119.2  steps  556  dist  0.24
ep 49: SUCCESS          reward    124.3  steps  567  dist  0.07
ep 50: SUCCESS          reward    134.5  steps  550  dist  0.13
ep 51: FAIL:dropped     reward     -8.4  steps  181  dist  4.73
ep 52: SUCCESS          reward    136.1  steps  584  dist  0.20
ep 53: SUCCESS          reward    123.6  steps  559  dist  0.35
ep 54: SUCCESS          reward    125.2  steps  592  dist  0.30
ep 55: FAIL:stalled     reward     -1.4  steps 1042  dist  4.07
ep 56: SUCCESS          reward    135.8  steps  564  dist  0.21
ep 57: SUCCESS          reward    130.0  steps  567  dist  0.30
ep 58: SUCCESS          reward    136.2  steps  570  dist  0.16
ep 59: FAIL:dropped     reward    -20.5  steps  131  dist  5.55
ep 60: SUCCESS          reward    135.2  steps  573  dist  0.26
------------------------------------------------------------
checkpoint      : runs/ppo_gimbal_v30/snap_03000k
episodes        : 60
success         : 49/60  (82%)
failure causes  : {'dropped': 6, 'collision': 4, 'stalled': 1}
timeout         : 0/60
avg reward      : 104.4   median 127.2   trimmed(10%) 114.5
avg ep length   : 526 steps
avg final dist  : 0.97 m  (0 = goal, ~6.5 = no progress)
