ep  1: SUCCESS          reward    116.5  steps  530  dist  0.31
ep  2: SUCCESS          reward    135.5  steps  550  dist  0.11
ep  3: SUCCESS          reward    120.8  steps  549  dist  0.17
ep  4: SUCCESS          reward    107.6  steps  589  dist  0.25
ep  5: SUCCESS          reward    126.2  steps  610  dist  0.20
ep  6: SUCCESS          reward    125.6  steps  629  dist  0.22
ep  7: SUCCESS          reward    131.6  steps  548  dist  0.33
ep  8: FAIL:dropped     reward     14.6  steps  380  dist  2.03
ep  9: SUCCESS          reward    124.0  steps  623  dist  0.13
ep 10: SUCCESS          reward    140.4  steps  564  dist  0.24
ep 11: SUCCESS          reward    132.2  steps  552  dist  0.20
ep 12: SUCCESS          reward    129.3  steps  558  dist  0.21
ep 13: SUCCESS          reward    128.1  steps  554  dist  0.27
ep 14: SUCCESS          reward    120.8  steps  551  dist  0.16
ep 15: SUCCESS          reward    135.4  steps  591  dist  0.22
ep 16: FAIL:dropped     reward    -11.0  steps  110  dist  5.75
ep 17: SUCCESS          reward    134.9  steps  533  dist  0.24
ep 18: SUCCESS          reward    121.0  steps  604  dist  0.12
ep 19: SUCCESS          reward    128.6  steps  577  dist  0.30
ep 20: SUCCESS          reward    118.7  steps  549  dist  0.30
ep 21: SUCCESS          reward    110.8  steps  553  dist  0.32
ep 22: FAIL:collision   reward     -0.9  steps  166  dist  4.68
ep 23: SUCCESS          reward    127.4  steps  639  dist  0.15
ep 24: SUCCESS          reward    133.7  steps  569  dist  0.11
ep 25: SUCCESS          reward    141.8  steps  602  dist  0.05
ep 26: SUCCESS          reward    136.3  steps  559  dist  0.20
ep 27: SUCCESS          reward    133.5  steps  581  dist  0.23
ep 28: FAIL:dropped     reward      3.0  steps  313  dist  3.01
ep 29: SUCCESS          reward    120.3  steps  578  dist  0.08
ep 30: SUCCESS          reward    138.2  steps  532  dist  0.19
ep 31: SUCCESS          reward    131.9  steps  592  dist  0.19
ep 32: FAIL:dropped     reward     -1.0  steps  183  dist  4.44
ep 33: SUCCESS          reward    139.0  steps  544  dist  0.34
ep 34: SUCCESS          reward    136.7  steps  535  dist  0.34
ep 35: SUCCESS          reward    135.1  steps  566  dist  0.10
ep 36: SUCCESS          reward    122.2  steps  544  dist  0.27
ep 37: SUCCESS          reward    124.7  steps  598  dist  0.16
ep 38: SUCCESS          reward    126.0  steps  618  dist  0.16
ep 39: SUCCESS          reward    123.6  steps  553  dist  0.24
ep 40: FAIL:dropped     reward    -13.6  steps  538  dist  3.50
ep 41: SUCCESS          reward    128.8  steps  619  dist  0.16
ep 42: SUCCESS          reward    131.6  steps  544  dist  0.21
ep 43: SUCCESS          reward    122.8  steps  573  dist  0.04
ep 44: FAIL:dropped     reward      1.8  steps  280  dist  3.53
ep 45: FAIL:dropped     reward     26.4  steps  470  dist  1.10
ep 46: SUCCESS          reward    111.5  steps  688  dist  0.22
ep 47: FAIL:dropped     reward     15.0  steps  272  dist  2.64
ep 48: SUCCESS          reward    118.6  steps  559  dist  0.12
ep 49: SUCCESS          reward    123.3  steps  562  dist  0.03
ep 50: SUCCESS          reward    132.9  steps  547  dist  0.17
ep 51: FAIL:dropped     reward     -7.0  steps  146  dist  5.31
ep 52: SUCCESS          reward    136.7  steps  569  dist  0.20
ep 53: SUCCESS          reward    124.5  steps  560  dist  0.11
ep 54: SUCCESS          reward    124.8  steps  604  dist  0.21
ep 55: FAIL:stalled     reward    -10.3  steps 1293  dist  3.89
ep 56: SUCCESS          reward    135.9  steps  561  dist  0.17
ep 57: SUCCESS          reward    128.4  steps  556  dist  0.31
ep 58: SUCCESS          reward    136.6  steps  565  dist  0.12
ep 59: FAIL:collision   reward    -14.1  steps   74  dist  5.84
ep 60: SUCCESS          reward    133.0  steps  562  dist  0.20
------------------------------------------------------------
checkpoint      : runs/ppo_gimbal_v30/ppo_final
episodes        : 60
success         : 48/60  (80%)
failure causes  : {'dropped': 9, 'collision': 2, 'stalled': 1}
timeout         : 0/60
avg reward      : 102.5   median 125.2   trimmed(10%) 112.0
avg ep length   : 529 steps
avg final dist  : 0.92 m  (0 = goal, ~6.5 = no progress)
