ep  1: stalled    at x=+0.73 (stairs      ) speed 0.17
ep  2: dropped    at x=+0.64 (pre_stairs  ) speed 1.27
ep  3: stalled    at x=+0.82 (stairs      ) speed 0.17
ep  4: dropped    at x=+0.99 (stairs      ) speed 1.20
ep  5: dropped    at x=-2.13 (pillar_field) speed 1.28
ep  6: dropped    at x=+0.27 (doorway     ) speed 1.09
ep  7: stalled    at x=+1.03 (stairs      ) speed 0.18
ep  8: collision  at x=+0.08 (doorway     ) speed 0.17
ep  9: collision  at x=-1.01 (pillar_field) speed 0.37
ep 10: stalled    at x=+0.86 (stairs      ) speed 0.26
ep 11: dropped    at x=+0.98 (stairs      ) speed 0.36
ep 12: dropped    at x=-2.05 (pillar_field) speed 1.28
ep 13: dropped    at x=-1.81 (pillar_field) speed 1.22
ep 14: stalled    at x=+1.03 (stairs      ) speed 0.15
ep 15: collision  at x=-0.49 (doorway     ) speed 0.63
ep 16: dropped    at x=-1.92 (pillar_field) speed 0.20
ep 17: dropped    at x=+1.10 (stairs      ) speed 0.58
ep 18: dropped    at x=+0.30 (doorway     ) speed 1.29
ep 19: stalled    at x=+0.79 (stairs      ) speed 0.21
ep 20: dropped    at x=-0.44 (doorway     ) speed 1.22
ep 21: dropped    at x=-1.17 (pillar_field) speed 0.49
ep 22: collision  at x=-0.50 (doorway     ) speed 0.66
ep 23: stalled    at x=-0.48 (doorway     ) speed 0.12
ep 24: dropped    at x=+0.13 (doorway     ) speed 1.28
ep 25: stalled    at x=+1.16 (stairs      ) speed 0.21
ep 26: collision  at x=-1.54 (pillar_field) speed 0.53
ep 27: dropped    at x=-0.82 (pillar_field) speed 0.89
ep 28: dropped    at x=+0.33 (doorway     ) speed 0.31
ep 29: stalled    at x=+1.39 (stairs      ) speed 0.26
ep 30: dropped    at x=+1.31 (stairs      ) speed 0.35

===== failure map =====
pillar_field  : {'dropped': 6, 'collision': 2}
doorway       : {'dropped': 5, 'collision': 3, 'stalled': 1}
pre_stairs    : {'dropped': 1}
stairs        : {'stalled': 8, 'dropped': 4}

drops: avg speed 0.89 m/s, avg phi2 31 deg
