ep  1: stalled    at x=+0.73 (stairs      ) speed 0.23
ep  2: dropped    at x=+1.07 (stairs      ) speed 1.18
ep  3: dropped    at x=-1.41 (pillar_field) speed 1.02
ep  4: stalled    at x=+0.67 (pre_stairs  ) speed 0.10
ep  5: stalled    at x=+0.71 (pre_stairs  ) speed 0.13
ep  6: stalled    at x=+0.70 (stairs      ) speed 0.14
ep  7: dropped    at x=+2.73 (stairs      ) speed 1.31
ep  8: dropped    at x=+0.06 (doorway     ) speed 0.35
ep  9: dropped    at x=-1.09 (pillar_field) speed 1.27
ep 10: dropped    at x=+1.15 (stairs      ) speed 0.20
ep 11: stalled    at x=+0.64 (pre_stairs  ) speed 0.16
ep 12: dropped    at x=-1.96 (pillar_field) speed 0.53
ep 13: dropped    at x=-1.85 (pillar_field) speed 1.17
ep 14: stalled    at x=+0.87 (stairs      ) speed 0.24
ep 15: collision  at x=-0.46 (doorway     ) speed 0.40
ep 16: dropped    at x=+1.02 (stairs      ) speed 1.08
ep 17: dropped    at x=+0.88 (stairs      ) speed 1.28
ep 18: stalled    at x=+0.67 (pre_stairs  ) speed 0.11
ep 19: stalled    at x=+0.75 (stairs      ) speed 0.25
ep 20: stalled    at x=+0.72 (stairs      ) speed 0.19
ep 21: dropped    at x=-1.16 (pillar_field) speed 0.17
ep 22: collision  at x=-0.47 (doorway     ) speed 0.43
ep 23: stalled    at x=+0.72 (pre_stairs  ) speed 0.21
ep 24: stalled    at x=+0.84 (stairs      ) speed 0.30
ep 25: stalled    at x=+0.87 (stairs      ) speed 0.30
ep 26: collision  at x=-1.47 (pillar_field) speed 0.41
ep 27: collision  at x=-2.88 (start_area  ) speed 0.39
ep 28: dropped    at x=-1.01 (pillar_field) speed 1.29
ep 29: SUCCESS    at x=+2.90 (post_stairs ) speed 0.09
ep 30: dropped    at x=+1.24 (stairs      ) speed 1.07
ep 31: stalled    at x=+0.74 (stairs      ) speed 0.24
ep 32: SUCCESS    at x=+2.91 (post_stairs ) speed 0.11
ep 33: dropped    at x=+2.36 (stairs      ) speed 0.47
ep 34: dropped    at x=+2.47 (stairs      ) speed 0.99
ep 35: dropped    at x=-1.74 (pillar_field) speed 0.50
ep 36: stalled    at x=+0.80 (stairs      ) speed 0.14
ep 37: collision  at x=-0.05 (doorway     ) speed 0.30
ep 38: collision  at x=-1.25 (pillar_field) speed 0.49
ep 39: collision  at x=-1.24 (pillar_field) speed 0.51
ep 40: dropped    at x=-0.23 (doorway     ) speed 0.10

===== failure map =====
start_area    : {'collision': 1}
pillar_field  : {'dropped': 7, 'collision': 3}
doorway       : {'dropped': 2, 'collision': 3}
pre_stairs    : {'stalled': 5}
stairs        : {'stalled': 9, 'dropped': 8}
post_stairs   : {'SUCCESS': 2}

drops: avg speed 0.82 m/s, avg phi2 30 deg
