ep  1: FAIL:dropped     reward      1.7  steps  197  dist  3.92
ep  2: SUCCESS          reward    129.2  steps  646  dist  0.09
ep  3: SUCCESS          reward    138.7  steps  584  dist  0.07
ep  4: SUCCESS          reward    125.9  steps  566  dist  0.32
ep  5: FAIL:dropped     reward     12.2  steps  421  dist  1.05
ep  6: FAIL:dropped     reward     12.3  steps  441  dist  1.89
ep  7: FAIL:dropped     reward     12.7  steps  505  dist  0.95
ep  8: SUCCESS          reward    131.5  steps  589  dist  0.15
ep  9: FAIL:dropped     reward    -11.2  steps   94  dist  6.06
ep 10: SUCCESS          reward    128.1  steps  564  dist  0.09
ep 11: SUCCESS          reward    131.0  steps  769  dist  0.31
ep 12: FAIL:dropped     reward      5.7  steps  380  dist  2.27
ep 13: SUCCESS          reward    133.9  steps  774  dist  0.08
ep 14: FAIL:collision   reward    -14.8  steps   74  dist  5.95
ep 15: SUCCESS          reward    122.5  steps  651  dist  0.15
ep 16: SUCCESS          reward    132.8  steps  667  dist  0.25
ep 17: FAIL:dropped     reward    -11.8  steps   76  dist  5.59
ep 18: SUCCESS          reward    132.7  steps  569  dist  0.34
ep 19: SUCCESS          reward    127.2  steps  615  dist  0.16
ep 20: FAIL:dropped     reward    -14.6  steps  127  dist  5.81
ep 21: SUCCESS          reward    138.3  steps  592  dist  0.24
ep 22: SUCCESS          reward    130.1  steps  637  dist  0.32
ep 23: FAIL:dropped     reward      9.5  steps  499  dist  1.29
ep 24: FAIL:dropped     reward      7.8  steps  531  dist  1.61
ep 25: SUCCESS          reward    138.8  steps  660  dist  0.10
ep 26: SUCCESS          reward    129.0  steps  620  dist  0.15
ep 27: FAIL:dropped     reward      9.8  steps  531  dist  1.13
ep 28: FAIL:collision   reward     -2.3  steps  209  dist  4.31
ep 29: SUCCESS          reward    138.7  steps  599  dist  0.19
ep 30: FAIL:dropped     reward    -11.9  steps  351  dist  3.35
ep 31: FAIL:dropped     reward     -3.6  steps  702  dist  1.01
ep 32: FAIL:dropped     reward     -4.3  steps  157  dist  4.65
ep 33: SUCCESS          reward    133.1  steps  644  dist  0.31
ep 34: SUCCESS          reward    127.9  steps  598  dist  0.25
ep 35: SUCCESS          reward    140.8  steps  681  dist  0.19
ep 36: SUCCESS          reward    136.2  steps  659  dist  0.18
ep 37: FAIL:dropped     reward      2.3  steps  468  dist  2.20
ep 38: SUCCESS          reward    123.8  steps  599  dist  0.06
ep 39: SUCCESS          reward    136.5  steps  594  dist  0.07
ep 40: FAIL:dropped     reward     -5.0  steps  152  dist  4.70
ep 41: FAIL:dropped     reward      3.9  steps  253  dist  3.15
ep 42: SUCCESS          reward    140.0  steps  605  dist  0.06
ep 43: FAIL:dropped     reward     18.4  steps  465  dist  1.46
ep 44: FAIL:collision   reward    -10.7  steps  112  dist  5.67
ep 45: FAIL:dropped     reward     12.4  steps  291  dist  3.72
ep 46: SUCCESS          reward    132.9  steps  575  dist  0.26
ep 47: FAIL:collision   reward     -1.9  steps  154  dist  4.59
ep 48: FAIL:dropped     reward     13.8  steps  282  dist  2.47
ep 49: SUCCESS          reward    141.3  steps  623  dist  0.17
ep 50: SUCCESS          reward    103.0  steps  693  dist  0.32
ep 51: SUCCESS          reward    142.1  steps  633  dist  0.28
ep 52: FAIL:dropped     reward     -8.1  steps  116  dist  5.13
ep 53: SUCCESS          reward    131.4  steps  678  dist  0.23
ep 54: SUCCESS          reward    134.6  steps  643  dist  0.25
ep 55: SUCCESS          reward    133.8  steps  722  dist  0.16
ep 56: SUCCESS          reward    134.9  steps  620  dist  0.07
ep 57: FAIL:collision   reward     -3.7  steps  346  dist  2.86
ep 58: SUCCESS          reward    132.5  steps  599  dist  0.10
ep 59: FAIL:collision   reward     -5.7  steps  151  dist  5.04
ep 60: SUCCESS          reward    131.2  steps  558  dist  0.24
------------------------------------------------------------
checkpoint      : runs/ppo_gimbal_v17/snap_08000k
episodes        : 60
success         : 33/60  (55%)
failure causes  : {'dropped': 21, 'collision': 6}
timeout         : 0/60
avg reward      : 73.0   median 124.8   trimmed(10%) 75.2
avg ep length   : 482 steps
avg final dist  : 1.63 m  (0 = goal, ~6.5 = no progress)
