ep  1: FAIL:dropped     reward     -2.4  steps  175  dist  4.24
ep  2: SUCCESS          reward    127.2  steps  571  dist  0.06
ep  3: SUCCESS          reward    134.1  steps  589  dist  0.07
ep  4: FAIL:collision   reward     -7.0  steps  207  dist  3.79
ep  5: SUCCESS          reward    119.1  steps  570  dist  0.06
ep  6: FAIL:dropped     reward      3.0  steps  326  dist  2.68
ep  7: FAIL:dropped     reward     -2.7  steps  326  dist  3.03
ep  8: FAIL:dropped     reward      8.2  steps  463  dist  1.21
ep  9: SUCCESS          reward    125.9  steps  586  dist  0.32
ep 10: SUCCESS          reward    123.9  steps  580  dist  0.06
ep 11: SUCCESS          reward    130.5  steps  624  dist  0.08
ep 12: SUCCESS          reward    117.3  steps  595  dist  0.31
ep 13: FAIL:dropped     reward      0.3  steps  239  dist  4.50
ep 14: SUCCESS          reward    136.1  steps  611  dist  0.07
ep 15: FAIL:dropped     reward      0.6  steps  364  dist  2.71
ep 16: SUCCESS          reward    128.0  steps  616  dist  0.35
ep 17: FAIL:dropped     reward     -0.7  steps  282  dist  3.10
ep 18: SUCCESS          reward    131.8  steps  579  dist  0.08
ep 19: SUCCESS          reward    124.1  steps  582  dist  0.10
ep 20: SUCCESS          reward    132.3  steps  558  dist  0.17
ep 21: SUCCESS          reward    138.7  steps  568  dist  0.11
ep 22: FAIL:dropped     reward     -3.1  steps  316  dist  3.45
ep 23: FAIL:dropped     reward      2.6  steps  246  dist  3.32
ep 24: SUCCESS          reward    116.2  steps  611  dist  0.08
ep 25: SUCCESS          reward    138.5  steps  564  dist  0.05
ep 26: SUCCESS          reward    123.6  steps  596  dist  0.07
ep 27: FAIL:dropped     reward     -6.3  steps  298  dist  3.53
ep 28: SUCCESS          reward    104.5  steps  679  dist  0.34
ep 29: SUCCESS          reward    136.1  steps  566  dist  0.18
ep 30: FAIL:dropped     reward     -1.2  steps  441  dist  2.28
ep 31: SUCCESS          reward    107.8  steps  648  dist  0.09
ep 32: SUCCESS          reward    125.8  steps  590  dist  0.06
ep 33: SUCCESS          reward    137.0  steps  638  dist  0.09
ep 34: FAIL:dropped     reward      8.9  steps  604  dist  1.07
ep 35: SUCCESS          reward    139.7  steps  570  dist  0.21
ep 36: SUCCESS          reward    133.6  steps  577  dist  0.29
ep 37: FAIL:dropped     reward     -0.5  steps  255  dist  3.90
ep 38: FAIL:dropped     reward     -6.3  steps  130  dist  5.00
ep 39: FAIL:dropped     reward     17.5  steps  406  dist  1.48
ep 40: FAIL:dropped     reward     -7.3  steps  145  dist  4.87
ep 41: FAIL:collision   reward     -0.7  steps  246  dist  3.34
ep 42: SUCCESS          reward    139.7  steps  600  dist  0.06
ep 43: FAIL:dropped     reward      4.3  steps  337  dist  2.94
ep 44: FAIL:collision   reward    -10.6  steps  107  dist  5.67
ep 45: FAIL:dropped     reward      5.7  steps  313  dist  3.33
ep 46: SUCCESS          reward    129.6  steps  581  dist  0.12
ep 47: FAIL:collision   reward      0.0  steps  182  dist  4.38
ep 48: SUCCESS          reward    132.4  steps  585  dist  0.04
ep 49: SUCCESS          reward    142.3  steps  643  dist  0.03
ep 50: FAIL:dropped     reward    -11.7  steps  228  dist  4.00
ep 51: SUCCESS          reward    141.4  steps  623  dist  0.34
ep 52: FAIL:dropped     reward     -7.8  steps  111  dist  5.13
ep 53: SUCCESS          reward    130.6  steps  592  dist  0.09
ep 54: SUCCESS          reward    130.6  steps  589  dist  0.28
ep 55: SUCCESS          reward    126.6  steps  581  dist  0.06
ep 56: SUCCESS          reward    130.1  steps  588  dist  0.13
ep 57: SUCCESS          reward    122.3  steps  577  dist  0.14
ep 58: SUCCESS          reward    128.4  steps  560  dist  0.11
ep 59: SUCCESS          reward    131.1  steps  584  dist  0.18
ep 60: SUCCESS          reward    130.7  steps  554  dist  0.10
------------------------------------------------------------
checkpoint      : runs/ppo_gimbal_v19/snap_06000k
episodes        : 60
success         : 36/60  (60%)
failure causes  : {'dropped': 20, 'collision': 4}
timeout         : 0/60
avg reward      : 77.2   median 123.0   trimmed(10%) 80.0
avg ep length   : 468 steps
avg final dist  : 1.47 m  (0 = goal, ~6.5 = no progress)
