ep  1: SUCCESS          reward    125.2  steps  554  dist  0.22
ep  2: FAIL:dropped     reward    -12.7  steps  162  dist  4.83
ep  3: FAIL:dropped     reward     10.5  steps  279  dist  3.03
ep  4: SUCCESS          reward    123.5  steps  562  dist  0.04
ep  5: SUCCESS          reward    116.6  steps  575  dist  0.06
ep  6: SUCCESS          reward    121.1  steps  668  dist  0.22
ep  7: SUCCESS          reward    130.0  steps  579  dist  0.25
ep  8: SUCCESS          reward    128.5  steps  584  dist  0.18
ep  9: SUCCESS          reward    135.6  steps  608  dist  0.28
ep 10: SUCCESS          reward    129.7  steps  573  dist  0.04
ep 11: SUCCESS          reward    131.6  steps  620  dist  0.09
ep 12: SUCCESS          reward    132.1  steps  630  dist  0.23
ep 13: SUCCESS          reward    127.8  steps  640  dist  0.08
ep 14: SUCCESS          reward    137.1  steps  599  dist  0.07
ep 15: SUCCESS          reward    129.0  steps  645  dist  0.09
ep 16: FAIL:dropped     reward     15.5  steps  421  dist  1.89
ep 17: FAIL:dropped     reward      5.1  steps  269  dist  3.18
ep 18: FAIL:dropped     reward      9.7  steps  256  dist  3.09
ep 19: FAIL:dropped     reward    -15.4  steps  135  dist  5.76
ep 20: SUCCESS          reward    135.8  steps  539  dist  0.22
ep 21: SUCCESS          reward    140.6  steps  571  dist  0.06
ep 22: SUCCESS          reward    126.3  steps  640  dist  0.16
ep 23: SUCCESS          reward    124.5  steps  607  dist  0.09
ep 24: SUCCESS          reward    122.1  steps  581  dist  0.07
ep 25: SUCCESS          reward    138.6  steps  555  dist  0.15
ep 26: SUCCESS          reward    131.0  steps  600  dist  0.13
ep 27: SUCCESS          reward    124.1  steps  656  dist  0.16
ep 28: FAIL:dropped     reward     -2.8  steps  198  dist  4.31
ep 29: SUCCESS          reward    138.1  steps  560  dist  0.14
ep 30: SUCCESS          reward    121.9  steps  656  dist  0.20
ep 31: SUCCESS          reward    111.5  steps  643  dist  0.08
ep 32: SUCCESS          reward    129.9  steps  578  dist  0.08
ep 33: SUCCESS          reward    137.7  steps  630  dist  0.06
ep 34: SUCCESS          reward    129.0  steps  585  dist  0.03
ep 35: FAIL:dropped     reward     15.1  steps  332  dist  2.82
ep 36: SUCCESS          reward    133.8  steps  566  dist  0.33
ep 37: FAIL:dropped     reward      6.4  steps  522  dist  1.94
ep 38: SUCCESS          reward    125.6  steps  565  dist  0.04
ep 39: FAIL:dropped     reward     20.4  steps  429  dist  1.07
ep 40: FAIL:dropped     reward      0.4  steps  261  dist  3.55
ep 41: FAIL:dropped     reward     -1.4  steps  199  dist  3.80
ep 42: SUCCESS          reward    139.9  steps  592  dist  0.03
ep 43: SUCCESS          reward    132.6  steps  579  dist  0.05
ep 44: FAIL:collision   reward    -11.7  steps  139  dist  5.74
ep 45: FAIL:dropped     reward     11.6  steps  297  dist  3.72
ep 46: SUCCESS          reward    128.3  steps  576  dist  0.04
ep 47: FAIL:collision   reward     -1.6  steps  148  dist  4.58
ep 48: SUCCESS          reward    133.5  steps  550  dist  0.05
ep 49: SUCCESS          reward    141.3  steps  630  dist  0.08
ep 50: FAIL:dropped     reward      4.0  steps  397  dist  1.83
ep 51: SUCCESS          reward    140.6  steps  665  dist  0.20
ep 52: SUCCESS          reward    135.3  steps  573  dist  0.09
ep 53: SUCCESS          reward    133.3  steps  588  dist  0.07
ep 54: FAIL:collision   reward    -11.0  steps   81  dist  5.96
ep 55: SUCCESS          reward    134.4  steps  593  dist  0.02
ep 56: SUCCESS          reward    132.3  steps  579  dist  0.08
ep 57: SUCCESS          reward    125.1  steps  579  dist  0.04
ep 58: SUCCESS          reward    130.7  steps  559  dist  0.16
ep 59: FAIL:collision   reward     -5.8  steps  158  dist  5.04
ep 60: SUCCESS          reward    130.7  steps  554  dist  0.03
------------------------------------------------------------
checkpoint      : runs/ppo_gimbal_v20/snap_07000k
episodes        : 60
success         : 42/60  (70%)
failure causes  : {'dropped': 14, 'collision': 4}
timeout         : 0/60
avg reward      : 91.9   median 127.0   trimmed(10%) 98.6
avg ep length   : 494 steps
avg final dist  : 1.18 m  (0 = goal, ~6.5 = no progress)
