ep  1: SUCCESS          reward    123.8  steps  572  dist  0.20
ep  2: SUCCESS          reward    131.0  steps  607  dist  0.08
ep  3: FAIL:dropped     reward      8.9  steps  298  dist  3.18
ep  4: SUCCESS          reward    124.3  steps  548  dist  0.12
ep  5: SUCCESS          reward    119.7  steps  558  dist  0.21
ep  6: FAIL:dropped     reward     13.0  steps  490  dist  1.52
ep  7: SUCCESS          reward    127.8  steps  603  dist  0.20
ep  8: SUCCESS          reward    129.4  steps  605  dist  0.12
ep  9: SUCCESS          reward    133.3  steps  611  dist  0.32
ep 10: SUCCESS          reward    130.6  steps  577  dist  0.21
ep 11: SUCCESS          reward    135.2  steps  634  dist  0.16
ep 12: SUCCESS          reward    123.1  steps  599  dist  0.35
ep 13: FAIL:dropped     reward     11.0  steps  383  dist  2.69
ep 14: SUCCESS          reward    134.8  steps  578  dist  0.18
ep 15: FAIL:dropped     reward     -2.2  steps  342  dist  2.86
ep 16: SUCCESS          reward    129.9  steps  558  dist  0.22
ep 17: SUCCESS          reward    131.9  steps  541  dist  0.26
ep 18: SUCCESS          reward    132.2  steps  563  dist  0.18
ep 19: SUCCESS          reward    124.5  steps  557  dist  0.26
ep 20: SUCCESS          reward    135.1  steps  553  dist  0.23
ep 21: SUCCESS          reward    137.2  steps  557  dist  0.10
ep 22: FAIL:dropped     reward     -7.8  steps  274  dist  4.01
ep 23: SUCCESS          reward    119.6  steps  631  dist  0.04
ep 24: SUCCESS          reward    121.8  steps  555  dist  0.12
ep 25: SUCCESS          reward    138.3  steps  565  dist  0.23
ep 26: SUCCESS          reward    127.4  steps  610  dist  0.15
ep 27: SUCCESS          reward    124.7  steps  631  dist  0.27
ep 28: SUCCESS          reward    109.9  steps  631  dist  0.30
ep 29: SUCCESS          reward    138.6  steps  571  dist  0.13
ep 30: SUCCESS          reward    121.5  steps  667  dist  0.20
ep 31: SUCCESS          reward    106.7  steps  621  dist  0.14
ep 32: SUCCESS          reward    128.3  steps  579  dist  0.13
ep 33: SUCCESS          reward    123.7  steps  606  dist  0.09
ep 34: SUCCESS          reward    122.4  steps  567  dist  0.06
ep 35: SUCCESS          reward    141.2  steps  611  dist  0.11
ep 36: SUCCESS          reward    136.6  steps  624  dist  0.09
ep 37: SUCCESS          reward    123.3  steps  618  dist  0.31
ep 38: SUCCESS          reward    125.0  steps  544  dist  0.22
ep 39: SUCCESS          reward    134.4  steps  544  dist  0.27
ep 40: SUCCESS          reward    135.4  steps  566  dist  0.11
ep 41: FAIL:dropped     reward      0.6  steps  259  dist  3.16
ep 42: SUCCESS          reward    137.7  steps  563  dist  0.21
ep 43: FAIL:dropped     reward      9.8  steps  371  dist  2.01
ep 44: SUCCESS          reward    121.7  steps  575  dist  0.05
ep 45: FAIL:dropped     reward      7.9  steps  366  dist  3.30
ep 46: SUCCESS          reward    132.7  steps  550  dist  0.19
ep 47: SUCCESS          reward    121.3  steps  582  dist  0.22
ep 48: SUCCESS          reward    129.3  steps  566  dist  0.15
ep 49: SUCCESS          reward    141.0  steps  614  dist  0.18
ep 50: FAIL:dropped     reward     11.9  steps  531  dist  0.72
ep 51: SUCCESS          reward    143.1  steps  607  dist  0.21
ep 52: FAIL:dropped     reward     12.1  steps  377  dist  2.71
ep 53: SUCCESS          reward    131.8  steps  541  dist  0.35
ep 54: FAIL:dropped     reward      1.8  steps  199  dist  4.49
ep 55: SUCCESS          reward    131.8  steps  602  dist  0.03
ep 56: SUCCESS          reward    131.1  steps  558  dist  0.20
ep 57: SUCCESS          reward    124.3  steps  570  dist  0.05
ep 58: SUCCESS          reward    131.3  steps  572  dist  0.05
ep 59: FAIL:collision   reward     -5.9  steps  155  dist  5.04
ep 60: SUCCESS          reward    131.2  steps  537  dist  0.19
------------------------------------------------------------
checkpoint      : runs/ppo_gimbal_v22/snap_07000k
episodes        : 60
success         : 48/60  (80%)
failure causes  : {'dropped': 11, 'collision': 1}
timeout         : 0/60
avg reward      : 104.2   median 126.2   trimmed(10%) 112.9
avg ep length   : 534 steps
avg final dist  : 0.74 m  (0 = goal, ~6.5 = no progress)
