fine-tuning from runs/ppo_gimbal_v33/snap_06000k (tray_mount_y=0.03, tray_drop=0.06, lr 2.5e-06 linear, 12 envs, 8,000,000 steps)
Logging to runs/ppo_gimbal_v33\PPO_3
[snapshot] saved snap_00010k at 10000 steps
---------------------------------
| rollout/           |          |
|    ep_len_mean     | 505      |
|    ep_rew_mean     | 96.4     |
| time/              |          |
|    fps             | 611      |
|    iterations      | 1        |
|    time_elapsed    | 40       |
|    total_timesteps | 24576    |
---------------------------------
------------------------------------------
| rollout/                |              |
|    ep_len_mean          | 499          |
|    ep_rew_mean          | 89.5         |
| time/                   |              |
|    fps                  | 585          |
|    iterations           | 2            |
|    time_elapsed         | 83           |
|    total_timesteps      | 49152        |
| train/                  |              |
|    approx_kl            | 0.0024848694 |
|    clip_fraction        | 0.0105       |
|    clip_range           | 0.2          |
|    entropy_loss         | -0.456       |
|    explained_variance   | 0.967        |
|    learning_rate        | 2.49e-06     |
|    loss                 | 0.0835       |
|    n_updates            | 25111        |
|    policy_gradient_loss | -0.00324     |
|    std                  | 0.506        |
|    value_loss           | 0.191        |
------------------------------------------
[snapshot] saved snap_00050k at 50000 steps
------------------------------------------
| rollout/                |              |
|    ep_len_mean          | 510          |
|    ep_rew_mean          | 87.9         |
| time/                   |              |
|    fps                  | 582          |
|    iterations           | 3            |
|    time_elapsed         | 126          |
|    total_timesteps      | 73728        |
| train/                  |              |
|    approx_kl            | 0.0026887758 |
|    clip_fraction        | 0.00963      |
|    clip_range           | 0.2          |
|    entropy_loss         | -0.456       |
|    explained_variance   | 0.953        |
|    learning_rate        | 2.48e-06     |
|    loss                 | 0.141        |
|    n_updates            | 25116        |
|    policy_gradient_loss | -0.00339     |
|    std                  | 0.506        |
|    value_loss           | 0.296        |
------------------------------------------
------------------------------------------
| rollout/                |              |
|    ep_len_mean          | 515          |
|    ep_rew_mean          | 89           |
| time/                   |              |
|    fps                  | 582          |
|    iterations           | 4            |
|    time_elapsed         | 168          |
|    total_timesteps      | 98304        |
| train/                  |              |
|    approx_kl            | 0.0026610892 |
|    clip_fraction        | 0.00745      |
|    clip_range           | 0.2          |
|    entropy_loss         | -0.456       |
|    explained_variance   | 0.958        |
|    learning_rate        | 2.48e-06     |
|    loss                 | 0.0791       |
|    n_updates            | 25121        |
|    policy_gradient_loss | -0.00292     |
|    std                  | 0.506        |
|    value_loss           | 0.251        |
------------------------------------------
[snapshot] saved snap_00100k at 100000 steps
------------------------------------------
| rollout/                |              |
|    ep_len_mean          | 488          |
|    ep_rew_mean          | 82.8         |
| time/                   |              |
|    fps                  | 581          |
|    iterations           | 5            |
|    time_elapsed         | 211          |
|    total_timesteps      | 122880       |
| train/                  |              |
|    approx_kl            | 0.0030464057 |
|    clip_fraction        | 0.0105       |
|    clip_range           | 0.2          |
|    entropy_loss         | -0.456       |
|    explained_variance   | 0.944        |
|    learning_rate        | 2.47e-06     |
|    loss                 | 0.103        |
|    n_updates            | 25126        |
|    policy_gradient_loss | -0.00295     |
|    std                  | 0.506        |
|    value_loss           | 0.281        |
------------------------------------------
------------------------------------------
| rollout/                |              |
|    ep_len_mean          | 474          |
|    ep_rew_mean          | 80.1         |
| time/                   |              |
|    fps                  | 580          |
|    iterations           | 6            |
|    time_elapsed         | 253          |
|    total_timesteps      | 147456       |
| train/                  |              |
|    approx_kl            | 0.0034639454 |
|    clip_fraction        | 0.0194       |
|    clip_range           | 0.2          |
|    entropy_loss         | -0.456       |
|    explained_variance   | 0.955        |
|    learning_rate        | 2.46e-06     |
|    loss                 | 0.108        |
|    n_updates            | 25131        |
|    policy_gradient_loss | -0.0039      |
|    std                  | 0.506        |
|    value_loss           | 0.273        |
------------------------------------------
------------------------------------------
| rollout/                |              |
|    ep_len_mean          | 479          |
|    ep_rew_mean          | 84.8         |
| time/                   |              |
|    fps                  | 581          |
|    iterations           | 7            |
|    time_elapsed         | 295          |
|    total_timesteps      | 172032       |
| train/                  |              |
|    approx_kl            | 0.0034074662 |
|    clip_fraction        | 0.0135       |
|    clip_range           | 0.2          |
|    entropy_loss         | -0.456       |
|    explained_variance   | 0.949        |
|    learning_rate        | 2.45e-06     |
|    loss                 | 0.137        |
|    n_updates            | 25136        |
|    policy_gradient_loss | -0.00312     |
|    std                  | 0.506        |
|    value_loss           | 0.293        |
------------------------------------------
-----------------------------------------
| rollout/                |             |
|    ep_len_mean          | 473         |
|    ep_rew_mean          | 79.1        |
| time/                   |             |
|    fps                  | 578         |
|    iterations           | 8           |
|    time_elapsed         | 339         |
|    total_timesteps      | 196608      |
| train/                  |             |
|    approx_kl            | 0.002542487 |
|    clip_fraction        | 0.00745     |
|    clip_range           | 0.2         |
|    entropy_loss         | -0.456      |
|    explained_variance   | 0.954       |
|    learning_rate        | 2.45e-06    |
|    loss                 | 0.154       |
|    n_updates            | 25141       |
|    policy_gradient_loss | -0.00273    |
|    std                  | 0.506       |
|    value_loss           | 0.261       |
-----------------------------------------
------------------------------------------
| rollout/                |              |
|    ep_len_mean          | 481          |
|    ep_rew_mean          | 81.5         |
| time/                   |              |
|    fps                  | 572          |
|    iterations           | 9            |
|    time_elapsed         | 386          |
|    total_timesteps      | 221184       |
| train/                  |              |
|    approx_kl            | 0.0024792107 |
|    clip_fraction        | 0.00848      |
|    clip_range           | 0.2          |
|    entropy_loss         | -0.456       |
|    explained_variance   | 0.956        |
|    learning_rate        | 2.44e-06     |
|    loss                 | 0.157        |
|    n_updates            | 25146        |
|    policy_gradient_loss | -0.00301     |
|    std                  | 0.506        |
|    value_loss           | 0.307        |
------------------------------------------
----------------------------------------
| rollout/                |            |
|    ep_len_mean          | 504        |
|    ep_rew_mean          | 91.2       |
| time/                   |            |
|    fps                  | 566        |
|    iterations           | 10         |
|    time_elapsed         | 433        |
|    total_timesteps      | 245760     |
| train/                  |            |
|    approx_kl            | 0.00286413 |
|    clip_fraction        | 0.0156     |
|    clip_range           | 0.2        |
|    entropy_loss         | -0.456     |
|    explained_variance   | 0.945      |
|    learning_rate        | 2.43e-06   |
|    loss                 | 0.0844     |
|    n_updates            | 25151      |
|    policy_gradient_loss | -0.00383   |
|    std                  | 0.507      |
|    value_loss           | 0.275      |
----------------------------------------
[snapshot] saved snap_00250k at 250000 steps
------------------------------------------
| rollout/                |              |
|    ep_len_mean          | 491          |
|    ep_rew_mean          | 87.5         |
| time/                   |              |
|    fps                  | 561          |
|    iterations           | 11           |
|    time_elapsed         | 481          |
|    total_timesteps      | 270336       |
| train/                  |              |
|    approx_kl            | 0.0031485849 |
|    clip_fraction        | 0.0163       |
|    clip_range           | 0.2          |
|    entropy_loss         | -0.456       |
|    explained_variance   | 0.955        |
|    learning_rate        | 2.42e-06     |
|    loss                 | 0.123        |
|    n_updates            | 25156        |
|    policy_gradient_loss | -0.0035      |
|    std                  | 0.507        |
|    value_loss           | 0.247        |
------------------------------------------
------------------------------------------
| rollout/                |              |
|    ep_len_mean          | 489          |
|    ep_rew_mean          | 86.5         |
| time/                   |              |
|    fps                  | 558          |
|    iterations           | 12           |
|    time_elapsed         | 527          |
|    total_timesteps      | 294912       |
| train/                  |              |
|    approx_kl            | 0.0032696743 |
|    clip_fraction        | 0.0108       |
|    clip_range           | 0.2          |
|    entropy_loss         | -0.456       |
|    explained_variance   | 0.959        |
|    learning_rate        | 2.42e-06     |
|    loss                 | 0.0857       |
|    n_updates            | 25161        |
|    policy_gradient_loss | -0.00273     |
|    std                  | 0.507        |
|    value_loss           | 0.248        |
------------------------------------------
------------------------------------------
| rollout/                |              |
|    ep_len_mean          | 508          |
|    ep_rew_mean          | 87.9         |
| time/                   |              |
|    fps                  | 556          |
|    iterations           | 13           |
|    time_elapsed         | 574          |
|    total_timesteps      | 319488       |
| train/                  |              |
|    approx_kl            | 0.0021595783 |
|    clip_fraction        | 0.00884      |
|    clip_range           | 0.2          |
|    entropy_loss         | -0.456       |
|    explained_variance   | 0.96         |
|    learning_rate        | 2.41e-06     |
|    loss                 | 0.0835       |
|    n_updates            | 25166        |
|    policy_gradient_loss | -0.00296     |
|    std                  | 0.507        |
|    value_loss           | 0.241        |
------------------------------------------
-----------------------------------------
| rollout/                |             |
|    ep_len_mean          | 497         |
|    ep_rew_mean          | 88.5        |
| time/                   |             |
|    fps                  | 554         |
|    iterations           | 14          |
|    time_elapsed         | 620         |
|    total_timesteps      | 344064      |
| train/                  |             |
|    approx_kl            | 0.003277391 |
|    clip_fraction        | 0.00923     |
|    clip_range           | 0.2         |
|    entropy_loss         | -0.456      |
|    explained_variance   | 0.942       |
|    learning_rate        | 2.4e-06     |
|    loss                 | 0.113       |
|    n_updates            | 25171       |
|    policy_gradient_loss | -0.00342    |
|    std                  | 0.507       |
|    value_loss           | 0.302       |
-----------------------------------------
-----------------------------------------
| rollout/                |             |
|    ep_len_mean          | 502         |
|    ep_rew_mean          | 92.6        |
| time/                   |             |
|    fps                  | 553         |
|    iterations           | 15          |
|    time_elapsed         | 666         |
|    total_timesteps      | 368640      |
| train/                  |             |
|    approx_kl            | 0.003490121 |
|    clip_fraction        | 0.0148      |
|    clip_range           | 0.2         |
|    entropy_loss         | -0.456      |
|    explained_variance   | 0.968       |
|    learning_rate        | 2.39e-06    |
|    loss                 | 0.0683      |
|    n_updates            | 25176       |
|    policy_gradient_loss | -0.00354    |
|    std                  | 0.507       |
|    value_loss           | 0.175       |
-----------------------------------------
------------------------------------------
| rollout/                |              |
|    ep_len_mean          | 520          |
|    ep_rew_mean          | 93.6         |
| time/                   |              |
|    fps                  | 550          |
|    iterations           | 16           |
|    time_elapsed         | 714          |
|    total_timesteps      | 393216       |
| train/                  |              |
|    approx_kl            | 0.0022625716 |
|    clip_fraction        | 0.00539      |
|    clip_range           | 0.2          |
|    entropy_loss         | -0.456       |
|    explained_variance   | 0.949        |
|    learning_rate        | 2.38e-06     |
|    loss                 | 0.133        |
|    n_updates            | 25181        |
|    policy_gradient_loss | -0.00283     |
|    std                  | 0.507        |
|    value_loss           | 0.284        |
------------------------------------------
------------------------------------------
| rollout/                |              |
|    ep_len_mean          | 522          |
|    ep_rew_mean          | 94.9         |
| time/                   |              |
|    fps                  | 546          |
|    iterations           | 17           |
|    time_elapsed         | 764          |
|    total_timesteps      | 417792       |
| train/                  |              |
|    approx_kl            | 0.0025040333 |
|    clip_fraction        | 0.00798      |
|    clip_range           | 0.2          |
|    entropy_loss         | -0.456       |
|    explained_variance   | 0.96         |
|    learning_rate        | 2.38e-06     |
|    loss                 | 0.0922       |
|    n_updates            | 25186        |
|    policy_gradient_loss | -0.003       |
|    std                  | 0.507        |
|    value_loss           | 0.238        |
------------------------------------------
------------------------------------------
| rollout/                |              |
|    ep_len_mean          | 523          |
|    ep_rew_mean          | 96.7         |
| time/                   |              |
|    fps                  | 542          |
|    iterations           | 18           |
|    time_elapsed         | 815          |
|    total_timesteps      | 442368       |
| train/                  |              |
|    approx_kl            | 0.0025091127 |
|    clip_fraction        | 0.0085       |
|    clip_range           | 0.2          |
|    entropy_loss         | -0.456       |
|    explained_variance   | 0.971        |
|    learning_rate        | 2.37e-06     |
|    loss                 | 0.0478       |
|    n_updates            | 25191        |
|    policy_gradient_loss | -0.003       |
|    std                  | 0.507        |
|    value_loss           | 0.153        |
------------------------------------------
------------------------------------------
| rollout/                |              |
|    ep_len_mean          | 520          |
|    ep_rew_mean          | 91           |
| time/                   |              |
|    fps                  | 538          |
|    iterations           | 19           |
|    time_elapsed         | 866          |
|    total_timesteps      | 466944       |
| train/                  |              |
|    approx_kl            | 0.0033337353 |
|    clip_fraction        | 0.0179       |
|    clip_range           | 0.2          |
|    entropy_loss         | -0.456       |
|    explained_variance   | 0.948        |
|    learning_rate        | 2.36e-06     |
|    loss                 | 0.136        |
|    n_updates            | 25196        |
|    policy_gradient_loss | -0.00354     |
|    std                  | 0.507        |
|    value_loss           | 0.293        |
------------------------------------------
------------------------------------------
| rollout/                |              |
|    ep_len_mean          | 513          |
|    ep_rew_mean          | 92.3         |
| time/                   |              |
|    fps                  | 537          |
|    iterations           | 20           |
|    time_elapsed         | 913          |
|    total_timesteps      | 491520       |
| train/                  |              |
|    approx_kl            | 0.0026836768 |
|    clip_fraction        | 0.0091       |
|    clip_range           | 0.2          |
|    entropy_loss         | -0.456       |
|    explained_variance   | 0.962        |
|    learning_rate        | 2.35e-06     |
|    loss                 | 0.0994       |
|    n_updates            | 25201        |
|    policy_gradient_loss | -0.00298     |
|    std                  | 0.507        |
|    value_loss           | 0.238        |
------------------------------------------
[snapshot] saved snap_00500k at 500000 steps
------------------------------------------
| rollout/                |              |
|    ep_len_mean          | 507          |
|    ep_rew_mean          | 96.1         |
| time/                   |              |
|    fps                  | 537          |
|    iterations           | 21           |
|    time_elapsed         | 959          |
|    total_timesteps      | 516096       |
| train/                  |              |
|    approx_kl            | 0.0026489708 |
|    clip_fraction        | 0.00833      |
|    clip_range           | 0.2          |
|    entropy_loss         | -0.456       |
|    explained_variance   | 0.955        |
|    learning_rate        | 2.35e-06     |
|    loss                 | 0.0985       |
|    n_updates            | 25206        |
|    policy_gradient_loss | -0.0027      |
|    std                  | 0.507        |
|    value_loss           | 0.227        |
------------------------------------------
------------------------------------------
| rollout/                |              |
|    ep_len_mean          | 484          |
|    ep_rew_mean          | 87.5         |
| time/                   |              |
|    fps                  | 537          |
|    iterations           | 22           |
|    time_elapsed         | 1005         |
|    total_timesteps      | 540672       |
| train/                  |              |
|    approx_kl            | 0.0023919959 |
|    clip_fraction        | 0.00535      |
|    clip_range           | 0.2          |
|    entropy_loss         | -0.456       |
|    explained_variance   | 0.962        |
|    learning_rate        | 2.34e-06     |
|    loss                 | 0.101        |
|    n_updates            | 25211        |
|    policy_gradient_loss | -0.00265     |
|    std                  | 0.507        |
|    value_loss           | 0.181        |
------------------------------------------
------------------------------------------
| rollout/                |              |
|    ep_len_mean          | 474          |
|    ep_rew_mean          | 79.6         |
| time/                   |              |
|    fps                  | 537          |
|    iterations           | 23           |
|    time_elapsed         | 1051         |
|    total_timesteps      | 565248       |
| train/                  |              |
|    approx_kl            | 0.0022693055 |
|    clip_fraction        | 0.00736      |
|    clip_range           | 0.2          |
|    entropy_loss         | -0.456       |
|    explained_variance   | 0.958        |
|    learning_rate        | 2.33e-06     |
|    loss                 | 0.115        |
|    n_updates            | 25216        |
|    policy_gradient_loss | -0.00281     |
|    std                  | 0.507        |
|    value_loss           | 0.268        |
------------------------------------------
------------------------------------------
| rollout/                |              |
|    ep_len_mean          | 483          |
|    ep_rew_mean          | 82.4         |
| time/                   |              |
|    fps                  | 536          |
|    iterations           | 24           |
|    time_elapsed         | 1098         |
|    total_timesteps      | 589824       |
| train/                  |              |
|    approx_kl            | 0.0031091112 |
|    clip_fraction        | 0.0129       |
|    clip_range           | 0.2          |
|    entropy_loss         | -0.456       |
|    explained_variance   | 0.956        |
|    learning_rate        | 2.32e-06     |
|    loss                 | 0.08         |
|    n_updates            | 25221        |
|    policy_gradient_loss | -0.00304     |
|    std                  | 0.507        |
|    value_loss           | 0.283        |
------------------------------------------
------------------------------------------
| rollout/                |              |
|    ep_len_mean          | 502          |
|    ep_rew_mean          | 85.7         |
| time/                   |              |
|    fps                  | 537          |
|    iterations           | 25           |
|    time_elapsed         | 1143         |
|    total_timesteps      | 614400       |
| train/                  |              |
|    approx_kl            | 0.0029085644 |
|    clip_fraction        | 0.00762      |
|    clip_range           | 0.2          |
|    entropy_loss         | -0.456       |
|    explained_variance   | 0.952        |
|    learning_rate        | 2.32e-06     |
|    loss                 | 0.163        |
|    n_updates            | 25226        |
|    policy_gradient_loss | -0.00331     |
|    std                  | 0.507        |
|    value_loss           | 0.293        |
------------------------------------------
------------------------------------------
| rollout/                |              |
|    ep_len_mean          | 525          |
|    ep_rew_mean          | 89.4         |
| time/                   |              |
|    fps                  | 537          |
|    iterations           | 26           |
|    time_elapsed         | 1189         |
|    total_timesteps      | 638976       |
| train/                  |              |
|    approx_kl            | 0.0027784894 |
|    clip_fraction        | 0.0113       |
|    clip_range           | 0.2          |
|    entropy_loss         | -0.456       |
|    explained_variance   | 0.962        |
|    learning_rate        | 2.31e-06     |
|    loss                 | 0.0991       |
|    n_updates            | 25231        |
|    policy_gradient_loss | -0.00309     |
|    std                  | 0.507        |
|    value_loss           | 0.206        |
------------------------------------------
-----------------------------------------
| rollout/                |             |
|    ep_len_mean          | 521         |
|    ep_rew_mean          | 93.3        |
| time/                   |             |
|    fps                  | 537         |
|    iterations           | 27          |
|    time_elapsed         | 1235        |
|    total_timesteps      | 663552      |
| train/                  |             |
|    approx_kl            | 0.002772432 |
|    clip_fraction        | 0.0101      |
|    clip_range           | 0.2         |
|    entropy_loss         | -0.456      |
|    explained_variance   | 0.96        |
|    learning_rate        | 2.3e-06     |
|    loss                 | 0.0708      |
|    n_updates            | 25236       |
|    policy_gradient_loss | -0.00347    |
|    std                  | 0.507       |
|    value_loss           | 0.238       |
-----------------------------------------
------------------------------------------
| rollout/                |              |
|    ep_len_mean          | 513          |
|    ep_rew_mean          | 95.3         |
| time/                   |              |
|    fps                  | 537          |
|    iterations           | 28           |
|    time_elapsed         | 1280         |
|    total_timesteps      | 688128       |
| train/                  |              |
|    approx_kl            | 0.0030095547 |
|    clip_fraction        | 0.00721      |
|    clip_range           | 0.2          |
|    entropy_loss         | -0.456       |
|    explained_variance   | 0.965        |
|    learning_rate        | 2.29e-06     |
|    loss                 | 0.177        |
|    n_updates            | 25241        |
|    policy_gradient_loss | -0.0026      |
|    std                  | 0.507        |
|    value_loss           | 0.218        |
------------------------------------------
------------------------------------------
| rollout/                |              |
|    ep_len_mean          | 507          |
|    ep_rew_mean          | 90           |
| time/                   |              |
|    fps                  | 536          |
|    iterations           | 29           |
|    time_elapsed         | 1327         |
|    total_timesteps      | 712704       |
| train/                  |              |
|    approx_kl            | 0.0027952362 |
|    clip_fraction        | 0.00907      |
|    clip_range           | 0.2          |
|    entropy_loss         | -0.456       |
|    explained_variance   | 0.955        |
|    learning_rate        | 2.28e-06     |
|    loss                 | 0.109        |
|    n_updates            | 25246        |
|    policy_gradient_loss | -0.00256     |
|    std                  | 0.507        |
|    value_loss           | 0.231        |
------------------------------------------
-----------------------------------------
| rollout/                |             |
|    ep_len_mean          | 500         |
|    ep_rew_mean          | 85.8        |
| time/                   |             |
|    fps                  | 536         |
|    iterations           | 30          |
|    time_elapsed         | 1373        |
|    total_timesteps      | 737280      |
| train/                  |             |
|    approx_kl            | 0.002872634 |
|    clip_fraction        | 0.0115      |
|    clip_range           | 0.2         |
|    entropy_loss         | -0.456      |
|    explained_variance   | 0.948       |
|    learning_rate        | 2.28e-06    |
|    loss                 | 0.115       |
|    n_updates            | 25251       |
|    policy_gradient_loss | -0.00356    |
|    std                  | 0.507       |
|    value_loss           | 0.283       |
-----------------------------------------
------------------------------------------
| rollout/                |              |
|    ep_len_mean          | 502          |
|    ep_rew_mean          | 86.1         |
| time/                   |              |
|    fps                  | 536          |
|    iterations           | 31           |
|    time_elapsed         | 1419         |
|    total_timesteps      | 761856       |
| train/                  |              |
|    approx_kl            | 0.0026040885 |
|    clip_fraction        | 0.00544      |
|    clip_range           | 0.2          |
|    entropy_loss         | -0.457       |
|    explained_variance   | 0.963        |
|    learning_rate        | 2.27e-06     |
|    loss                 | 0.0888       |
|    n_updates            | 25256        |
|    policy_gradient_loss | -0.00296     |
|    std                  | 0.507        |
|    value_loss           | 0.22         |
------------------------------------------
------------------------------------------
| rollout/                |              |
|    ep_len_mean          | 509          |
|    ep_rew_mean          | 88.1         |
| time/                   |              |
|    fps                  | 537          |
|    iterations           | 32           |
|    time_elapsed         | 1464         |
|    total_timesteps      | 786432       |
| train/                  |              |
|    approx_kl            | 0.0031820617 |
|    clip_fraction        | 0.0138       |
|    clip_range           | 0.2          |
|    entropy_loss         | -0.457       |
|    explained_variance   | 0.959        |
|    learning_rate        | 2.26e-06     |
|    loss                 | 0.1          |
|    n_updates            | 25261        |
|    policy_gradient_loss | -0.00345     |
|    std                  | 0.507        |
|    value_loss           | 0.253        |
------------------------------------------
------------------------------------------
| rollout/                |              |
|    ep_len_mean          | 512          |
|    ep_rew_mean          | 90           |
| time/                   |              |
|    fps                  | 537          |
|    iterations           | 33           |
|    time_elapsed         | 1509         |
|    total_timesteps      | 811008       |
| train/                  |              |
|    approx_kl            | 0.0028153304 |
|    clip_fraction        | 0.00969      |
|    clip_range           | 0.2          |
|    entropy_loss         | -0.457       |
|    explained_variance   | 0.965        |
|    learning_rate        | 2.25e-06     |
|    loss                 | 0.105        |
|    n_updates            | 25266        |
|    policy_gradient_loss | -0.00354     |
|    std                  | 0.507        |
|    value_loss           | 0.197        |
------------------------------------------
-----------------------------------------
| rollout/                |             |
|    ep_len_mean          | 510         |
|    ep_rew_mean          | 90.6        |
| time/                   |             |
|    fps                  | 537         |
|    iterations           | 34          |
|    time_elapsed         | 1554        |
|    total_timesteps      | 835584      |
| train/                  |             |
|    approx_kl            | 0.002733718 |
|    clip_fraction        | 0.00879     |
|    clip_range           | 0.2         |
|    entropy_loss         | -0.457      |
|    explained_variance   | 0.955       |
|    learning_rate        | 2.25e-06    |
|    loss                 | 0.161       |
|    n_updates            | 25271       |
|    policy_gradient_loss | -0.00296    |
|    std                  | 0.507       |
|    value_loss           | 0.275       |
-----------------------------------------
------------------------------------------
| rollout/                |              |
|    ep_len_mean          | 488          |
|    ep_rew_mean          | 84.4         |
| time/                   |              |
|    fps                  | 537          |
|    iterations           | 35           |
|    time_elapsed         | 1600         |
|    total_timesteps      | 860160       |
| train/                  |              |
|    approx_kl            | 0.0027914995 |
|    clip_fraction        | 0.00704      |
|    clip_range           | 0.2          |
|    entropy_loss         | -0.457       |
|    explained_variance   | 0.949        |
|    learning_rate        | 2.24e-06     |
|    loss                 | 0.0841       |
|    n_updates            | 25276        |
|    policy_gradient_loss | -0.00301     |
|    std                  | 0.507        |
|    value_loss           | 0.262        |
------------------------------------------
------------------------------------------
| rollout/                |              |
|    ep_len_mean          | 482          |
|    ep_rew_mean          | 82           |
| time/                   |              |
|    fps                  | 537          |
|    iterations           | 36           |
|    time_elapsed         | 1646         |
|    total_timesteps      | 884736       |
| train/                  |              |
|    approx_kl            | 0.0031455166 |
|    clip_fraction        | 0.0113       |
|    clip_range           | 0.2          |
|    entropy_loss         | -0.457       |
|    explained_variance   | 0.947        |
|    learning_rate        | 2.23e-06     |
|    loss                 | 0.14         |
|    n_updates            | 25281        |
|    policy_gradient_loss | -0.00331     |
|    std                  | 0.507        |
|    value_loss           | 0.337        |
------------------------------------------
------------------------------------------
| rollout/                |              |
|    ep_len_mean          | 507          |
|    ep_rew_mean          | 88.2         |
| time/                   |              |
|    fps                  | 537          |
|    iterations           | 37           |
|    time_elapsed         | 1692         |
|    total_timesteps      | 909312       |
| train/                  |              |
|    approx_kl            | 0.0023074008 |
|    clip_fraction        | 0.00515      |
|    clip_range           | 0.2          |
|    entropy_loss         | -0.457       |
|    explained_variance   | 0.945        |
|    learning_rate        | 2.22e-06     |
|    loss                 | 0.084        |
|    n_updates            | 25286        |
|    policy_gradient_loss | -0.00279     |
|    std                  | 0.507        |
|    value_loss           | 0.28         |
------------------------------------------
------------------------------------------
| rollout/                |              |
|    ep_len_mean          | 510          |
|    ep_rew_mean          | 87.5         |
| time/                   |              |
|    fps                  | 536          |
|    iterations           | 38           |
|    time_elapsed         | 1740         |
|    total_timesteps      | 933888       |
| train/                  |              |
|    approx_kl            | 0.0028078526 |
|    clip_fraction        | 0.00857      |
|    clip_range           | 0.2          |
|    entropy_loss         | -0.456       |
|    explained_variance   | 0.953        |
|    learning_rate        | 2.22e-06     |
|    loss                 | 0.138        |
|    n_updates            | 25291        |
|    policy_gradient_loss | -0.00289     |
|    std                  | 0.507        |
|    value_loss           | 0.283        |
------------------------------------------
------------------------------------------
| rollout/                |              |
|    ep_len_mean          | 507          |
|    ep_rew_mean          | 88.2         |
| time/                   |              |
|    fps                  | 536          |
|    iterations           | 39           |
|    time_elapsed         | 1785         |
|    total_timesteps      | 958464       |
| train/                  |              |
|    approx_kl            | 0.0023511723 |
|    clip_fraction        | 0.00684      |
|    clip_range           | 0.2          |
|    entropy_loss         | -0.457       |
|    explained_variance   | 0.956        |
|    learning_rate        | 2.21e-06     |
|    loss                 | 0.15         |
|    n_updates            | 25296        |
|    policy_gradient_loss | -0.00315     |
|    std                  | 0.507        |
|    value_loss           | 0.263        |
------------------------------------------
------------------------------------------
| rollout/                |              |
|    ep_len_mean          | 501          |
|    ep_rew_mean          | 90.2         |
| time/                   |              |
|    fps                  | 537          |
|    iterations           | 40           |
|    time_elapsed         | 1830         |
|    total_timesteps      | 983040       |
| train/                  |              |
|    approx_kl            | 0.0030252843 |
|    clip_fraction        | 0.00934      |
|    clip_range           | 0.2          |
|    entropy_loss         | -0.457       |
|    explained_variance   | 0.963        |
|    learning_rate        | 2.2e-06      |
|    loss                 | 0.109        |
|    n_updates            | 25301        |
|    policy_gradient_loss | -0.00318     |
|    std                  | 0.507        |
|    value_loss           | 0.231        |
------------------------------------------
[snapshot] saved snap_01000k at 1000000 steps
------------------------------------------
| rollout/                |              |
|    ep_len_mean          | 494          |
|    ep_rew_mean          | 87.2         |
| time/                   |              |
|    fps                  | 536          |
|    iterations           | 41           |
|    time_elapsed         | 1876         |
|    total_timesteps      | 1007616      |
| train/                  |              |
|    approx_kl            | 0.0026707111 |
|    clip_fraction        | 0.00968      |
|    clip_range           | 0.2          |
|    entropy_loss         | -0.457       |
|    explained_variance   | 0.969        |
|    learning_rate        | 2.19e-06     |
|    loss                 | 0.131        |
|    n_updates            | 25306        |
|    policy_gradient_loss | -0.00314     |
|    std                  | 0.507        |
|    value_loss           | 0.16         |
------------------------------------------
------------------------------------------
| rollout/                |              |
|    ep_len_mean          | 488          |
|    ep_rew_mean          | 80.9         |
| time/                   |              |
|    fps                  | 537          |
|    iterations           | 42           |
|    time_elapsed         | 1922         |
|    total_timesteps      | 1032192      |
| train/                  |              |
|    approx_kl            | 0.0024365813 |
|    clip_fraction        | 0.00697      |
|    clip_range           | 0.2          |
|    entropy_loss         | -0.457       |
|    explained_variance   | 0.953        |
|    learning_rate        | 2.19e-06     |
|    loss                 | 0.16         |
|    n_updates            | 25311        |
|    policy_gradient_loss | -0.00307     |
|    std                  | 0.507        |
|    value_loss           | 0.296        |
------------------------------------------
------------------------------------------
| rollout/                |              |
|    ep_len_mean          | 486          |
|    ep_rew_mean          | 85.6         |
| time/                   |              |
|    fps                  | 536          |
|    iterations           | 43           |
|    time_elapsed         | 1968         |
|    total_timesteps      | 1056768      |
| train/                  |              |
|    approx_kl            | 0.0029525624 |
|    clip_fraction        | 0.0112       |
|    clip_range           | 0.2          |
|    entropy_loss         | -0.457       |
|    explained_variance   | 0.958        |
|    learning_rate        | 2.18e-06     |
|    loss                 | 0.153        |
|    n_updates            | 25316        |
|    policy_gradient_loss | -0.00277     |
|    std                  | 0.507        |
|    value_loss           | 0.248        |
------------------------------------------
------------------------------------------
| rollout/                |              |
|    ep_len_mean          | 465          |
|    ep_rew_mean          | 79.4         |
| time/                   |              |
|    fps                  | 536          |
|    iterations           | 44           |
|    time_elapsed         | 2016         |
|    total_timesteps      | 1081344      |
| train/                  |              |
|    approx_kl            | 0.0026426788 |
|    clip_fraction        | 0.00867      |
|    clip_range           | 0.2          |
|    entropy_loss         | -0.457       |
|    explained_variance   | 0.948        |
|    learning_rate        | 2.17e-06     |
|    loss                 | 0.116        |
|    n_updates            | 25321        |
|    policy_gradient_loss | -0.00298     |
|    std                  | 0.507        |
|    value_loss           | 0.266        |
------------------------------------------
-----------------------------------------
| rollout/                |             |
|    ep_len_mean          | 465         |
|    ep_rew_mean          | 77          |
| time/                   |             |
|    fps                  | 536         |
|    iterations           | 45          |
|    time_elapsed         | 2062        |
|    total_timesteps      | 1105920     |
| train/                  |             |
|    approx_kl            | 0.002763712 |
|    clip_fraction        | 0.0111      |
|    clip_range           | 0.2         |
|    entropy_loss         | -0.457      |
|    explained_variance   | 0.948       |
|    learning_rate        | 2.16e-06    |
|    loss                 | 0.146       |
|    n_updates            | 25326       |
|    policy_gradient_loss | -0.00323    |
|    std                  | 0.507       |
|    value_loss           | 0.313       |
-----------------------------------------
------------------------------------------
| rollout/                |              |
|    ep_len_mean          | 503          |
|    ep_rew_mean          | 91.2         |
| time/                   |              |
|    fps                  | 536          |
|    iterations           | 46           |
|    time_elapsed         | 2108         |
|    total_timesteps      | 1130496      |
| train/                  |              |
|    approx_kl            | 0.0029667157 |
|    clip_fraction        | 0.00988      |
|    clip_range           | 0.2          |
|    entropy_loss         | -0.457       |
|    explained_variance   | 0.948        |
|    learning_rate        | 2.15e-06     |
|    loss                 | 0.121        |
|    n_updates            | 25331        |
|    policy_gradient_loss | -0.0031      |
|    std                  | 0.507        |
|    value_loss           | 0.293        |
------------------------------------------
-----------------------------------------
| rollout/                |             |
|    ep_len_mean          | 525         |
|    ep_rew_mean          | 100         |
| time/                   |             |
|    fps                  | 536         |
|    iterations           | 47          |
|    time_elapsed         | 2154        |
|    total_timesteps      | 1155072     |
| train/                  |             |
|    approx_kl            | 0.002910652 |
|    clip_fraction        | 0.0091      |
|    clip_range           | 0.2         |
|    entropy_loss         | -0.457      |
|    explained_variance   | 0.961       |
|    learning_rate        | 2.15e-06    |
|    loss                 | 0.0857      |
|    n_updates            | 25336       |
|    policy_gradient_loss | -0.00287    |
|    std                  | 0.507       |
|    value_loss           | 0.208       |
-----------------------------------------
------------------------------------------
| rollout/                |              |
|    ep_len_mean          | 509          |
|    ep_rew_mean          | 91           |
| time/                   |              |
|    fps                  | 535          |
|    iterations           | 48           |
|    time_elapsed         | 2201         |
|    total_timesteps      | 1179648      |
| train/                  |              |
|    approx_kl            | 0.0035159446 |
|    clip_fraction        | 0.0151       |
|    clip_range           | 0.2          |
|    entropy_loss         | -0.457       |
|    explained_variance   | 0.974        |
|    learning_rate        | 2.14e-06     |
|    loss                 | 0.0631       |
|    n_updates            | 25341        |
|    policy_gradient_loss | -0.00348     |
|    std                  | 0.507        |
|    value_loss           | 0.143        |
------------------------------------------
------------------------------------------
| rollout/                |              |
|    ep_len_mean          | 487          |
|    ep_rew_mean          | 82.3         |
| time/                   |              |
|    fps                  | 535          |
|    iterations           | 49           |
|    time_elapsed         | 2247         |
|    total_timesteps      | 1204224      |
| train/                  |              |
|    approx_kl            | 0.0025676691 |
|    clip_fraction        | 0.00724      |
|    clip_range           | 0.2          |
|    entropy_loss         | -0.457       |
|    explained_variance   | 0.95         |
|    learning_rate        | 2.13e-06     |
|    loss                 | 0.126        |
|    n_updates            | 25346        |
|    policy_gradient_loss | -0.00319     |
|    std                  | 0.507        |
|    value_loss           | 0.295        |
------------------------------------------
------------------------------------------
| rollout/                |              |
|    ep_len_mean          | 494          |
|    ep_rew_mean          | 87.3         |
| time/                   |              |
|    fps                  | 535          |
|    iterations           | 50           |
|    time_elapsed         | 2293         |
|    total_timesteps      | 1228800      |
| train/                  |              |
|    approx_kl            | 0.0020707466 |
|    clip_fraction        | 0.00291      |
|    clip_range           | 0.2          |
|    entropy_loss         | -0.457       |
|    explained_variance   | 0.948        |
|    learning_rate        | 2.12e-06     |
|    loss                 | 0.114        |
|    n_updates            | 25351        |
|    policy_gradient_loss | -0.00248     |
|    std                  | 0.507        |
|    value_loss           | 0.295        |
------------------------------------------
------------------------------------------
| rollout/                |              |
|    ep_len_mean          | 502          |
|    ep_rew_mean          | 87.7         |
| time/                   |              |
|    fps                  | 535          |
|    iterations           | 51           |
|    time_elapsed         | 2339         |
|    total_timesteps      | 1253376      |
| train/                  |              |
|    approx_kl            | 0.0022650461 |
|    clip_fraction        | 0.00499      |
|    clip_range           | 0.2          |
|    entropy_loss         | -0.457       |
|    explained_variance   | 0.958        |
|    learning_rate        | 2.12e-06     |
|    loss                 | 0.0637       |
|    n_updates            | 25356        |
|    policy_gradient_loss | -0.00303     |
|    std                  | 0.507        |
|    value_loss           | 0.226        |
------------------------------------------
------------------------------------------
| rollout/                |              |
|    ep_len_mean          | 481          |
|    ep_rew_mean          | 80.7         |
| time/                   |              |
|    fps                  | 535          |
|    iterations           | 52           |
|    time_elapsed         | 2386         |
|    total_timesteps      | 1277952      |
| train/                  |              |
|    approx_kl            | 0.0027889255 |
|    clip_fraction        | 0.0111       |
|    clip_range           | 0.2          |
|    entropy_loss         | -0.457       |
|    explained_variance   | 0.961        |
|    learning_rate        | 2.11e-06     |
|    loss                 | 0.109        |
|    n_updates            | 25361        |
|    policy_gradient_loss | -0.0028      |
|    std                  | 0.507        |
|    value_loss           | 0.239        |
------------------------------------------
------------------------------------------
| rollout/                |              |
|    ep_len_mean          | 490          |
|    ep_rew_mean          | 88           |
| time/                   |              |
|    fps                  | 535          |
|    iterations           | 53           |
|    time_elapsed         | 2431         |
|    total_timesteps      | 1302528      |
| train/                  |              |
|    approx_kl            | 0.0021857067 |
|    clip_fraction        | 0.00681      |
|    clip_range           | 0.2          |
|    entropy_loss         | -0.457       |
|    explained_variance   | 0.935        |
|    learning_rate        | 2.1e-06      |
|    loss                 | 0.199        |
|    n_updates            | 25366        |
|    policy_gradient_loss | -0.00273     |
|    std                  | 0.507        |
|    value_loss           | 0.381        |
------------------------------------------
------------------------------------------
| rollout/                |              |
|    ep_len_mean          | 503          |
|    ep_rew_mean          | 91.5         |
| time/                   |              |
|    fps                  | 535          |
|    iterations           | 54           |
|    time_elapsed         | 2478         |
|    total_timesteps      | 1327104      |
| train/                  |              |
|    approx_kl            | 0.0028587028 |
|    clip_fraction        | 0.0113       |
|    clip_range           | 0.2          |
|    entropy_loss         | -0.457       |
|    explained_variance   | 0.968        |
|    learning_rate        | 2.09e-06     |
|    loss                 | 0.0471       |
|    n_updates            | 25371        |
|    policy_gradient_loss | -0.00302     |
|    std                  | 0.507        |
|    value_loss           | 0.156        |
------------------------------------------
-----------------------------------------
| rollout/                |             |
|    ep_len_mean          | 489         |
|    ep_rew_mean          | 83.6        |
| time/                   |             |
|    fps                  | 535         |
|    iterations           | 55          |
|    time_elapsed         | 2525        |
|    total_timesteps      | 1351680     |
| train/                  |             |
|    approx_kl            | 0.003381082 |
|    clip_fraction        | 0.0125      |
|    clip_range           | 0.2         |
|    entropy_loss         | -0.457      |
|    explained_variance   | 0.959       |
|    learning_rate        | 2.09e-06    |
|    loss                 | 0.12        |
|    n_updates            | 25376       |
|    policy_gradient_loss | -0.00322    |
|    std                  | 0.507       |
|    value_loss           | 0.26        |
-----------------------------------------
------------------------------------------
| rollout/                |              |
|    ep_len_mean          | 480          |
|    ep_rew_mean          | 85           |
| time/                   |              |
|    fps                  | 534          |
|    iterations           | 56           |
|    time_elapsed         | 2572         |
|    total_timesteps      | 1376256      |
| train/                  |              |
|    approx_kl            | 0.0028944102 |
|    clip_fraction        | 0.0107       |
|    clip_range           | 0.2          |
|    entropy_loss         | -0.457       |
|    explained_variance   | 0.949        |
|    learning_rate        | 2.08e-06     |
|    loss                 | 0.0683       |
|    n_updates            | 25381        |
|    policy_gradient_loss | -0.00314     |
|    std                  | 0.507        |
|    value_loss           | 0.298        |
------------------------------------------
-----------------------------------------
| rollout/                |             |
|    ep_len_mean          | 492         |
|    ep_rew_mean          | 85.1        |
| time/                   |             |
|    fps                  | 534         |
|    iterations           | 57          |
|    time_elapsed         | 2618        |
|    total_timesteps      | 1400832     |
| train/                  |             |
|    approx_kl            | 0.002155682 |
|    clip_fraction        | 0.00509     |
|    clip_range           | 0.2         |
|    entropy_loss         | -0.457      |
|    explained_variance   | 0.947       |
|    learning_rate        | 2.07e-06    |
|    loss                 | 0.135       |
|    n_updates            | 25386       |
|    policy_gradient_loss | -0.00236    |
|    std                  | 0.507       |
|    value_loss           | 0.284       |
-----------------------------------------
------------------------------------------
| rollout/                |              |
|    ep_len_mean          | 510          |
|    ep_rew_mean          | 85.5         |
| time/                   |              |
|    fps                  | 534          |
|    iterations           | 58           |
|    time_elapsed         | 2664         |
|    total_timesteps      | 1425408      |
| train/                  |              |
|    approx_kl            | 0.0023552289 |
|    clip_fraction        | 0.00435      |
|    clip_range           | 0.2          |
|    entropy_loss         | -0.457       |
|    explained_variance   | 0.953        |
|    learning_rate        | 2.06e-06     |
|    loss                 | 0.111        |
|    n_updates            | 25391        |
|    policy_gradient_loss | -0.00239     |
|    std                  | 0.507        |
|    value_loss           | 0.281        |
------------------------------------------
------------------------------------------
| rollout/                |              |
|    ep_len_mean          | 491          |
|    ep_rew_mean          | 86.9         |
| time/                   |              |
|    fps                  | 534          |
|    iterations           | 59           |
|    time_elapsed         | 2710         |
|    total_timesteps      | 1449984      |
| train/                  |              |
|    approx_kl            | 0.0024947312 |
|    clip_fraction        | 0.00934      |
|    clip_range           | 0.2          |
|    entropy_loss         | -0.457       |
|    explained_variance   | 0.951        |
|    learning_rate        | 2.05e-06     |
|    loss                 | 0.136        |
|    n_updates            | 25396        |
|    policy_gradient_loss | -0.0029      |
|    std                  | 0.507        |
|    value_loss           | 0.272        |
------------------------------------------
------------------------------------------
| rollout/                |              |
|    ep_len_mean          | 501          |
|    ep_rew_mean          | 91.9         |
| time/                   |              |
|    fps                  | 534          |
|    iterations           | 60           |
|    time_elapsed         | 2756         |
|    total_timesteps      | 1474560      |
| train/                  |              |
|    approx_kl            | 0.0035757392 |
|    clip_fraction        | 0.0147       |
|    clip_range           | 0.2          |
|    entropy_loss         | -0.457       |
|    explained_variance   | 0.958        |
|    learning_rate        | 2.05e-06     |
|    loss                 | 0.128        |
|    n_updates            | 25401        |
|    policy_gradient_loss | -0.00336     |
|    std                  | 0.507        |
|    value_loss           | 0.228        |
------------------------------------------
------------------------------------------
| rollout/                |              |
|    ep_len_mean          | 493          |
|    ep_rew_mean          | 86.6         |
| time/                   |              |
|    fps                  | 535          |
|    iterations           | 61           |
|    time_elapsed         | 2801         |
|    total_timesteps      | 1499136      |
| train/                  |              |
|    approx_kl            | 0.0028251484 |
|    clip_fraction        | 0.00923      |
|    clip_range           | 0.2          |
|    entropy_loss         | -0.457       |
|    explained_variance   | 0.964        |
|    learning_rate        | 2.04e-06     |
|    loss                 | 0.0493       |
|    n_updates            | 25406        |
|    policy_gradient_loss | -0.00283     |
|    std                  | 0.507        |
|    value_loss           | 0.205        |
------------------------------------------
[snapshot] saved snap_01500k at 1500000 steps
------------------------------------------
| rollout/                |              |
|    ep_len_mean          | 465          |
|    ep_rew_mean          | 76           |
| time/                   |              |
|    fps                  | 534          |
|    iterations           | 62           |
|    time_elapsed         | 2848         |
|    total_timesteps      | 1523712      |
| train/                  |              |
|    approx_kl            | 0.0024306725 |
|    clip_fraction        | 0.00732      |
|    clip_range           | 0.2          |
|    entropy_loss         | -0.457       |
|    explained_variance   | 0.955        |
|    learning_rate        | 2.03e-06     |
|    loss                 | 0.1          |
|    n_updates            | 25411        |
|    policy_gradient_loss | -0.00276     |
|    std                  | 0.507        |
|    value_loss           | 0.258        |
------------------------------------------
------------------------------------------
| rollout/                |              |
|    ep_len_mean          | 466          |
|    ep_rew_mean          | 78.8         |
| time/                   |              |
|    fps                  | 534          |
|    iterations           | 63           |
|    time_elapsed         | 2894         |
|    total_timesteps      | 1548288      |
| train/                  |              |
|    approx_kl            | 0.0018320609 |
|    clip_fraction        | 0.00448      |
|    clip_range           | 0.2          |
|    entropy_loss         | -0.458       |
|    explained_variance   | 0.955        |
|    learning_rate        | 2.02e-06     |
|    loss                 | 0.109        |
|    n_updates            | 25416        |
|    policy_gradient_loss | -0.00262     |
|    std                  | 0.507        |
|    value_loss           | 0.313        |
------------------------------------------
------------------------------------------
| rollout/                |              |
|    ep_len_mean          | 486          |
|    ep_rew_mean          | 86.7         |
| time/                   |              |
|    fps                  | 534          |
|    iterations           | 64           |
|    time_elapsed         | 2940         |
|    total_timesteps      | 1572864      |
| train/                  |              |
|    approx_kl            | 0.0028419998 |
|    clip_fraction        | 0.0137       |
|    clip_range           | 0.2          |
|    entropy_loss         | -0.458       |
|    explained_variance   | 0.958        |
|    learning_rate        | 2.02e-06     |
|    loss                 | 0.0851       |
|    n_updates            | 25421        |
|    policy_gradient_loss | -0.00288     |
|    std                  | 0.507        |
|    value_loss           | 0.251        |
------------------------------------------
------------------------------------------
| rollout/                |              |
|    ep_len_mean          | 482          |
|    ep_rew_mean          | 82.5         |
| time/                   |              |
|    fps                  | 534          |
|    iterations           | 65           |
|    time_elapsed         | 2987         |
|    total_timesteps      | 1597440      |
| train/                  |              |
|    approx_kl            | 0.0033248852 |
|    clip_fraction        | 0.0183       |
|    clip_range           | 0.2          |
|    entropy_loss         | -0.458       |
|    explained_variance   | 0.969        |
|    learning_rate        | 2.01e-06     |
|    loss                 | 0.103        |
|    n_updates            | 25426        |
|    policy_gradient_loss | -0.00331     |
|    std                  | 0.507        |
|    value_loss           | 0.209        |
------------------------------------------
------------------------------------------
| rollout/                |              |
|    ep_len_mean          | 488          |
|    ep_rew_mean          | 84           |
| time/                   |              |
|    fps                  | 534          |
|    iterations           | 66           |
|    time_elapsed         | 3032         |
|    total_timesteps      | 1622016      |
| train/                  |              |
|    approx_kl            | 0.0031852077 |
|    clip_fraction        | 0.011        |
|    clip_range           | 0.2          |
|    entropy_loss         | -0.458       |
|    explained_variance   | 0.948        |
|    learning_rate        | 2e-06        |
|    loss                 | 0.198        |
|    n_updates            | 25431        |
|    policy_gradient_loss | -0.00293     |
|    std                  | 0.507        |
|    value_loss           | 0.324        |
------------------------------------------
-----------------------------------------
| rollout/                |             |
|    ep_len_mean          | 498         |
|    ep_rew_mean          | 87.2        |
| time/                   |             |
|    fps                  | 534         |
|    iterations           | 67          |
|    time_elapsed         | 3078        |
|    total_timesteps      | 1646592     |
| train/                  |             |
|    approx_kl            | 0.002985511 |
|    clip_fraction        | 0.00951     |
|    clip_range           | 0.2         |
|    entropy_loss         | -0.458      |
|    explained_variance   | 0.966       |
|    learning_rate        | 1.99e-06    |
|    loss                 | 0.0826      |
|    n_updates            | 25436       |
|    policy_gradient_loss | -0.00282    |
|    std                  | 0.507       |
|    value_loss           | 0.203       |
-----------------------------------------
-----------------------------------------
| rollout/                |             |
|    ep_len_mean          | 483         |
|    ep_rew_mean          | 79.2        |
| time/                   |             |
|    fps                  | 534         |
|    iterations           | 68          |
|    time_elapsed         | 3124        |
|    total_timesteps      | 1671168     |
| train/                  |             |
|    approx_kl            | 0.002899751 |
|    clip_fraction        | 0.00819     |
|    clip_range           | 0.2         |
|    entropy_loss         | -0.458      |
|    explained_variance   | 0.959       |
|    learning_rate        | 1.99e-06    |
|    loss                 | 0.129       |
|    n_updates            | 25441       |
|    policy_gradient_loss | -0.00298    |
|    std                  | 0.507       |
|    value_loss           | 0.266       |
-----------------------------------------
----------------------------------------
| rollout/                |            |
|    ep_len_mean          | 493        |
|    ep_rew_mean          | 86         |
| time/                   |            |
|    fps                  | 534        |
|    iterations           | 69         |
|    time_elapsed         | 3170       |
|    total_timesteps      | 1695744    |
| train/                  |            |
|    approx_kl            | 0.00279993 |
|    clip_fraction        | 0.0103     |
|    clip_range           | 0.2        |
|    entropy_loss         | -0.458     |
|    explained_variance   | 0.956      |
|    learning_rate        | 1.98e-06   |
|    loss                 | 0.135      |
|    n_updates            | 25446      |
|    policy_gradient_loss | -0.00309   |
|    std                  | 0.507      |
|    value_loss           | 0.296      |
----------------------------------------
------------------------------------------
| rollout/                |              |
|    ep_len_mean          | 516          |
|    ep_rew_mean          | 94.5         |
| time/                   |              |
|    fps                  | 534          |
|    iterations           | 70           |
|    time_elapsed         | 3216         |
|    total_timesteps      | 1720320      |
| train/                  |              |
|    approx_kl            | 0.0030761678 |
|    clip_fraction        | 0.0129       |
|    clip_range           | 0.2          |
|    entropy_loss         | -0.458       |
|    explained_variance   | 0.963        |
|    learning_rate        | 1.97e-06     |
|    loss                 | 0.123        |
|    n_updates            | 25451        |
|    policy_gradient_loss | -0.00271     |
|    std                  | 0.507        |
|    value_loss           | 0.236        |
------------------------------------------
-----------------------------------------
| rollout/                |             |
|    ep_len_mean          | 505         |
|    ep_rew_mean          | 92.6        |
| time/                   |             |
|    fps                  | 534         |
|    iterations           | 71          |
|    time_elapsed         | 3262        |
|    total_timesteps      | 1744896     |
| train/                  |             |
|    approx_kl            | 0.002271526 |
|    clip_fraction        | 0.00509     |
|    clip_range           | 0.2         |
|    entropy_loss         | -0.458      |
|    explained_variance   | 0.964       |
|    learning_rate        | 1.96e-06    |
|    loss                 | 0.0963      |
|    n_updates            | 25456       |
|    policy_gradient_loss | -0.00304    |
|    std                  | 0.507       |
|    value_loss           | 0.193       |
-----------------------------------------
----------------------------------------
| rollout/                |            |
|    ep_len_mean          | 501        |
|    ep_rew_mean          | 84.2       |
| time/                   |            |
|    fps                  | 534        |
|    iterations           | 72         |
|    time_elapsed         | 3308       |
|    total_timesteps      | 1769472    |
| train/                  |            |
|    approx_kl            | 0.00362315 |
|    clip_fraction        | 0.0168     |
|    clip_range           | 0.2        |
|    entropy_loss         | -0.458     |
|    explained_variance   | 0.962      |
|    learning_rate        | 1.95e-06   |
|    loss                 | 0.0833     |
|    n_updates            | 25461      |
|    policy_gradient_loss | -0.00311   |
|    std                  | 0.507      |
|    value_loss           | 0.251      |
----------------------------------------
------------------------------------------
| rollout/                |              |
|    ep_len_mean          | 508          |
|    ep_rew_mean          | 85.9         |
| time/                   |              |
|    fps                  | 534          |
|    iterations           | 73           |
|    time_elapsed         | 3354         |
|    total_timesteps      | 1794048      |
| train/                  |              |
|    approx_kl            | 0.0036937976 |
|    clip_fraction        | 0.0154       |
|    clip_range           | 0.2          |
|    entropy_loss         | -0.458       |
|    explained_variance   | 0.948        |
|    learning_rate        | 1.95e-06     |
|    loss                 | 0.142        |
|    n_updates            | 25466        |
|    policy_gradient_loss | -0.00309     |
|    std                  | 0.507        |
|    value_loss           | 0.328        |
------------------------------------------
------------------------------------------
| rollout/                |              |
|    ep_len_mean          | 487          |
|    ep_rew_mean          | 86.9         |
| time/                   |              |
|    fps                  | 534          |
|    iterations           | 74           |
|    time_elapsed         | 3400         |
|    total_timesteps      | 1818624      |
| train/                  |              |
|    approx_kl            | 0.0027618352 |
|    clip_fraction        | 0.00799      |
|    clip_range           | 0.2          |
|    entropy_loss         | -0.458       |
|    explained_variance   | 0.963        |
|    learning_rate        | 1.94e-06     |
|    loss                 | 0.095        |
|    n_updates            | 25471        |
|    policy_gradient_loss | -0.00316     |
|    std                  | 0.507        |
|    value_loss           | 0.22         |
------------------------------------------
------------------------------------------
| rollout/                |              |
|    ep_len_mean          | 502          |
|    ep_rew_mean          | 88.3         |
| time/                   |              |
|    fps                  | 534          |
|    iterations           | 75           |
|    time_elapsed         | 3445         |
|    total_timesteps      | 1843200      |
| train/                  |              |
|    approx_kl            | 0.0019341446 |
|    clip_fraction        | 0.0027       |
|    clip_range           | 0.2          |
|    entropy_loss         | -0.458       |
|    explained_variance   | 0.958        |
|    learning_rate        | 1.93e-06     |
|    loss                 | 0.0882       |
|    n_updates            | 25476        |
|    policy_gradient_loss | -0.00239     |
|    std                  | 0.507        |
|    value_loss           | 0.225        |
------------------------------------------
------------------------------------------
| rollout/                |              |
|    ep_len_mean          | 509          |
|    ep_rew_mean          | 88.6         |
| time/                   |              |
|    fps                  | 535          |
|    iterations           | 76           |
|    time_elapsed         | 3491         |
|    total_timesteps      | 1867776      |
| train/                  |              |
|    approx_kl            | 0.0022489466 |
|    clip_fraction        | 0.00428      |
|    clip_range           | 0.2          |
|    entropy_loss         | -0.458       |
|    explained_variance   | 0.964        |
|    learning_rate        | 1.92e-06     |
|    loss                 | 0.101        |
|    n_updates            | 25481        |
|    policy_gradient_loss | -0.00251     |
|    std                  | 0.507        |
|    value_loss           | 0.214        |
------------------------------------------
------------------------------------------
| rollout/                |              |
|    ep_len_mean          | 506          |
|    ep_rew_mean          | 88.1         |
| time/                   |              |
|    fps                  | 534          |
|    iterations           | 77           |
|    time_elapsed         | 3537         |
|    total_timesteps      | 1892352      |
| train/                  |              |
|    approx_kl            | 0.0029612482 |
|    clip_fraction        | 0.00936      |
|    clip_range           | 0.2          |
|    entropy_loss         | -0.458       |
|    explained_variance   | 0.95         |
|    learning_rate        | 1.92e-06     |
|    loss                 | 0.166        |
|    n_updates            | 25486        |
|    policy_gradient_loss | -0.0026      |
|    std                  | 0.507        |
|    value_loss           | 0.28         |
------------------------------------------
------------------------------------------
| rollout/                |              |
|    ep_len_mean          | 492          |
|    ep_rew_mean          | 88.9         |
| time/                   |              |
|    fps                  | 535          |
|    iterations           | 78           |
|    time_elapsed         | 3583         |
|    total_timesteps      | 1916928      |
| train/                  |              |
|    approx_kl            | 0.0027453667 |
|    clip_fraction        | 0.0115       |
|    clip_range           | 0.2          |
|    entropy_loss         | -0.458       |
|    explained_variance   | 0.957        |
|    learning_rate        | 1.91e-06     |
|    loss                 | 0.114        |
|    n_updates            | 25491        |
|    policy_gradient_loss | -0.00246     |
|    std                  | 0.507        |
|    value_loss           | 0.247        |
------------------------------------------
-----------------------------------------
| rollout/                |             |
|    ep_len_mean          | 480         |
|    ep_rew_mean          | 83.5        |
| time/                   |             |
|    fps                  | 534         |
|    iterations           | 79          |
|    time_elapsed         | 3629        |
|    total_timesteps      | 1941504     |
| train/                  |             |
|    approx_kl            | 0.002063166 |
|    clip_fraction        | 0.00452     |
|    clip_range           | 0.2         |
|    entropy_loss         | -0.458      |
|    explained_variance   | 0.959       |
|    learning_rate        | 1.9e-06     |
|    loss                 | 0.11        |
|    n_updates            | 25496       |
|    policy_gradient_loss | -0.00242    |
|    std                  | 0.507       |
|    value_loss           | 0.24        |
-----------------------------------------
------------------------------------------
| rollout/                |              |
|    ep_len_mean          | 495          |
|    ep_rew_mean          | 86.2         |
| time/                   |              |
|    fps                  | 534          |
|    iterations           | 80           |
|    time_elapsed         | 3674         |
|    total_timesteps      | 1966080      |
| train/                  |              |
|    approx_kl            | 0.0025389602 |
|    clip_fraction        | 0.00801      |
|    clip_range           | 0.2          |
|    entropy_loss         | -0.459       |
|    explained_variance   | 0.955        |
|    learning_rate        | 1.89e-06     |
|    loss                 | 0.0842       |
|    n_updates            | 25501        |
|    policy_gradient_loss | -0.00242     |
|    std                  | 0.507        |
|    value_loss           | 0.278        |
------------------------------------------
------------------------------------------
| rollout/                |              |
|    ep_len_mean          | 508          |
|    ep_rew_mean          | 89.1         |
| time/                   |              |
|    fps                  | 535          |
|    iterations           | 81           |
|    time_elapsed         | 3720         |
|    total_timesteps      | 1990656      |
| train/                  |              |
|    approx_kl            | 0.0030572936 |
|    clip_fraction        | 0.0106       |
|    clip_range           | 0.2          |
|    entropy_loss         | -0.459       |
|    explained_variance   | 0.955        |
|    learning_rate        | 1.89e-06     |
|    loss                 | 0.099        |
|    n_updates            | 25506        |
|    policy_gradient_loss | -0.0026      |
|    std                  | 0.507        |
|    value_loss           | 0.259        |
------------------------------------------
[snapshot] saved snap_02000k at 2000000 steps
----------------------------------------
| rollout/                |            |
|    ep_len_mean          | 489        |
|    ep_rew_mean          | 84.5       |
| time/                   |            |
|    fps                  | 535        |
|    iterations           | 82         |
|    time_elapsed         | 3765       |
|    total_timesteps      | 2015232    |
| train/                  |            |
|    approx_kl            | 0.00266453 |
|    clip_fraction        | 0.00833    |
|    clip_range           | 0.2        |
|    entropy_loss         | -0.459     |
|    explained_variance   | 0.953      |
|    learning_rate        | 1.88e-06   |
|    loss                 | 0.134      |
|    n_updates            | 25511      |
|    policy_gradient_loss | -0.00282   |
|    std                  | 0.507      |
|    value_loss           | 0.277      |
----------------------------------------
------------------------------------------
| rollout/                |              |
|    ep_len_mean          | 501          |
|    ep_rew_mean          | 89.4         |
| time/                   |              |
|    fps                  | 535          |
|    iterations           | 83           |
|    time_elapsed         | 3810         |
|    total_timesteps      | 2039808      |
| train/                  |              |
|    approx_kl            | 0.0021614376 |
|    clip_fraction        | 0.00574      |
|    clip_range           | 0.2          |
|    entropy_loss         | -0.458       |
|    explained_variance   | 0.953        |
|    learning_rate        | 1.87e-06     |
|    loss                 | 0.125        |
|    n_updates            | 25516        |
|    policy_gradient_loss | -0.00298     |
|    std                  | 0.507        |
|    value_loss           | 0.274        |
------------------------------------------
-----------------------------------------
| rollout/                |             |
|    ep_len_mean          | 500         |
|    ep_rew_mean          | 87.6        |
| time/                   |             |
|    fps                  | 535         |
|    iterations           | 84          |
|    time_elapsed         | 3852        |
|    total_timesteps      | 2064384     |
| train/                  |             |
|    approx_kl            | 0.002382556 |
|    clip_fraction        | 0.00638     |
|    clip_range           | 0.2         |
|    entropy_loss         | -0.459      |
|    explained_variance   | 0.963       |
|    learning_rate        | 1.86e-06    |
|    loss                 | 0.067       |
|    n_updates            | 25521       |
|    policy_gradient_loss | -0.00275    |
|    std                  | 0.507       |
|    value_loss           | 0.225       |
-----------------------------------------
------------------------------------------
| rollout/                |              |
|    ep_len_mean          | 474          |
|    ep_rew_mean          | 78           |
| time/                   |              |
|    fps                  | 535          |
|    iterations           | 85           |
|    time_elapsed         | 3900         |
|    total_timesteps      | 2088960      |
| train/                  |              |
|    approx_kl            | 0.0029402412 |
|    clip_fraction        | 0.0131       |
|    clip_range           | 0.2          |
|    entropy_loss         | -0.459       |
|    explained_variance   | 0.959        |
|    learning_rate        | 1.85e-06     |
|    loss                 | 0.176        |
|    n_updates            | 25526        |
|    policy_gradient_loss | -0.00322     |
|    std                  | 0.507        |
|    value_loss           | 0.271        |
------------------------------------------
-----------------------------------------
| rollout/                |             |
|    ep_len_mean          | 504         |
|    ep_rew_mean          | 90.6        |
| time/                   |             |
|    fps                  | 535         |
|    iterations           | 86          |
|    time_elapsed         | 3945        |
|    total_timesteps      | 2113536     |
| train/                  |             |
|    approx_kl            | 0.002299319 |
|    clip_fraction        | 0.00745     |
|    clip_range           | 0.2         |
|    entropy_loss         | -0.459      |
|    explained_variance   | 0.967       |
|    learning_rate        | 1.85e-06    |
|    loss                 | 0.0961      |
|    n_updates            | 25531       |
|    policy_gradient_loss | -0.0027     |
|    std                  | 0.507       |
|    value_loss           | 0.207       |
-----------------------------------------
------------------------------------------
| rollout/                |              |
|    ep_len_mean          | 530          |
|    ep_rew_mean          | 97.9         |
| time/                   |              |
|    fps                  | 535          |
|    iterations           | 87           |
|    time_elapsed         | 3989         |
|    total_timesteps      | 2138112      |
| train/                  |              |
|    approx_kl            | 0.0026071386 |
|    clip_fraction        | 0.00592      |
|    clip_range           | 0.2          |
|    entropy_loss         | -0.459       |
|    explained_variance   | 0.966        |
|    learning_rate        | 1.84e-06     |
|    loss                 | 0.112        |
|    n_updates            | 25536        |
|    policy_gradient_loss | -0.00276     |
|    std                  | 0.507        |
|    value_loss           | 0.191        |
------------------------------------------
-----------------------------------------
| rollout/                |             |
|    ep_len_mean          | 507         |
|    ep_rew_mean          | 89.1        |
| time/                   |             |
|    fps                  | 536         |
|    iterations           | 88          |
|    time_elapsed         | 4034        |
|    total_timesteps      | 2162688     |
| train/                  |             |
|    approx_kl            | 0.003163064 |
|    clip_fraction        | 0.0106      |
|    clip_range           | 0.2         |
|    entropy_loss         | -0.459      |
|    explained_variance   | 0.95        |
|    learning_rate        | 1.83e-06    |
|    loss                 | 0.0827      |
|    n_updates            | 25541       |
|    policy_gradient_loss | -0.00277    |
|    std                  | 0.507       |
|    value_loss           | 0.243       |
-----------------------------------------
------------------------------------------
| rollout/                |              |
|    ep_len_mean          | 478          |
|    ep_rew_mean          | 80.5         |
| time/                   |              |
|    fps                  | 536          |
|    iterations           | 89           |
|    time_elapsed         | 4078         |
|    total_timesteps      | 2187264      |
| train/                  |              |
|    approx_kl            | 0.0026265339 |
|    clip_fraction        | 0.0085       |
|    clip_range           | 0.2          |
|    entropy_loss         | -0.459       |
|    explained_variance   | 0.955        |
|    learning_rate        | 1.82e-06     |
|    loss                 | 0.108        |
|    n_updates            | 25546        |
|    policy_gradient_loss | -0.00312     |
|    std                  | 0.507        |
|    value_loss           | 0.284        |
------------------------------------------
------------------------------------------
| rollout/                |              |
|    ep_len_mean          | 484          |
|    ep_rew_mean          | 85.2         |
| time/                   |              |
|    fps                  | 536          |
|    iterations           | 90           |
|    time_elapsed         | 4124         |
|    total_timesteps      | 2211840      |
| train/                  |              |
|    approx_kl            | 0.0023537118 |
|    clip_fraction        | 0.00636      |
|    clip_range           | 0.2          |
|    entropy_loss         | -0.459       |
|    explained_variance   | 0.958        |
|    learning_rate        | 1.82e-06     |
|    loss                 | 0.0995       |
|    n_updates            | 25551        |
|    policy_gradient_loss | -0.00241     |
|    std                  | 0.507        |
|    value_loss           | 0.25         |
------------------------------------------
