ep  1: SUCCESS          reward    118.4  steps  539  dist  0.29
ep  2: SUCCESS          reward    134.7  steps  544  dist  0.15
ep  3: SUCCESS          reward    116.2  steps  532  dist  0.32
ep  4: SUCCESS          reward    110.2  steps  592  dist  0.22
ep  5: SUCCESS          reward    124.0  steps  599  dist  0.26
ep  6: FAIL:dropped     reward      8.5  steps  479  dist  1.81
ep  7: SUCCESS          reward    133.6  steps  564  dist  0.33
ep  8: SUCCESS          reward    129.9  steps  542  dist  0.31
ep  9: SUCCESS          reward    123.9  steps  644  dist  0.15
ep 10: SUCCESS          reward    139.4  steps  557  dist  0.29
ep 11: SUCCESS          reward    132.5  steps  535  dist  0.35
ep 12: SUCCESS          reward    130.9  steps  552  dist  0.25
ep 13: SUCCESS          reward    128.8  steps  566  dist  0.34
ep 14: SUCCESS          reward    120.0  steps  539  dist  0.31
ep 15: SUCCESS          reward    135.6  steps  616  dist  0.30
ep 16: SUCCESS          reward    113.9  steps  626  dist  0.32
ep 17: SUCCESS          reward    134.8  steps  595  dist  0.11
ep 18: SUCCESS          reward    120.8  steps  589  dist  0.31
ep 19: SUCCESS          reward    128.7  steps  577  dist  0.30
ep 20: SUCCESS          reward    120.9  steps  570  dist  0.28
ep 21: SUCCESS          reward    110.3  steps  563  dist  0.23
ep 22: FAIL:collision   reward     -0.8  steps  166  dist  4.69
ep 23: SUCCESS          reward    125.9  steps  638  dist  0.21
ep 24: SUCCESS          reward    132.4  steps  567  dist  0.11
ep 25: SUCCESS          reward    140.1  steps  560  dist  0.29
ep 26: SUCCESS          reward    134.1  steps  568  dist  0.34
ep 27: SUCCESS          reward    133.3  steps  569  dist  0.34
ep 28: SUCCESS          reward    126.6  steps  598  dist  0.20
ep 29: SUCCESS          reward    120.3  steps  553  dist  0.27
ep 30: SUCCESS          reward    137.1  steps  537  dist  0.35
ep 31: SUCCESS          reward    130.5  steps  586  dist  0.18
ep 32: FAIL:dropped     reward     -3.4  steps  253  dist  3.54
ep 33: SUCCESS          reward    140.5  steps  607  dist  0.22
ep 34: SUCCESS          reward    137.7  steps  548  dist  0.21
ep 35: FAIL:dropped     reward    -10.7  steps  152  dist  5.32
ep 36: SUCCESS          reward    119.2  steps  551  dist  0.31
ep 37: SUCCESS          reward    125.8  steps  597  dist  0.16
ep 38: SUCCESS          reward    115.9  steps  648  dist  0.19
ep 39: SUCCESS          reward    123.4  steps  578  dist  0.24
ep 40: SUCCESS          reward    113.1  steps  807  dist  0.10
ep 41: SUCCESS          reward    127.2  steps  615  dist  0.17
ep 42: FAIL:dropped     reward     -5.1  steps  156  dist  4.80
ep 43: SUCCESS          reward    123.8  steps  555  dist  0.13
ep 44: SUCCESS          reward    115.6  steps  632  dist  0.15
ep 45: SUCCESS          reward    138.0  steps  591  dist  0.10
ep 46: FAIL:collision   reward      2.7  steps  332  dist  3.73
ep 47: SUCCESS          reward    134.7  steps  514  dist  0.33
ep 48: SUCCESS          reward    120.9  steps  554  dist  0.16
ep 49: SUCCESS          reward    124.6  steps  566  dist  0.06
ep 50: SUCCESS          reward    133.8  steps  540  dist  0.15
ep 51: FAIL:dropped     reward     -8.5  steps  170  dist  5.02
ep 52: SUCCESS          reward    135.7  steps  562  dist  0.31
ep 53: SUCCESS          reward    124.5  steps  552  dist  0.33
ep 54: SUCCESS          reward    125.0  steps  587  dist  0.31
ep 55: FAIL:stalled     reward      7.3  steps  789  dist  3.97
ep 56: SUCCESS          reward    135.6  steps  557  dist  0.22
ep 57: SUCCESS          reward    130.4  steps  569  dist  0.32
ep 58: SUCCESS          reward    136.4  steps  562  dist  0.17
ep 59: SUCCESS          reward    108.6  steps  862  dist  0.18
ep 60: SUCCESS          reward    133.9  steps  565  dist  0.30
------------------------------------------------------------
checkpoint      : best_policy/mirte_best
episodes        : 60
success         : 52/60  (87%)
failure causes  : {'dropped': 5, 'collision': 2, 'stalled': 1}
timeout         : 0/60
avg reward      : 110.0   median 125.4   trimmed(10%) 120.7
avg ep length   : 547 steps
avg final dist  : 0.76 m  (0 = goal, ~6.5 = no progress)
