ep  1: SUCCESS          reward    117.7  steps  524  dist  0.32
ep  2: SUCCESS          reward    135.1  steps  544  dist  0.17
ep  3: SUCCESS          reward    120.1  steps  527  dist  0.34
ep  4: SUCCESS          reward    110.0  steps  580  dist  0.20
ep  5: SUCCESS          reward    124.3  steps  600  dist  0.22
ep  6: SUCCESS          reward    123.5  steps  625  dist  0.21
ep  7: SUCCESS          reward    133.3  steps  555  dist  0.32
ep  8: SUCCESS          reward    129.7  steps  559  dist  0.27
ep  9: SUCCESS          reward    120.2  steps  615  dist  0.12
ep 10: SUCCESS          reward    141.0  steps  565  dist  0.21
ep 11: SUCCESS          reward    133.9  steps  551  dist  0.23
ep 12: FAIL:dropped     reward     -8.7  steps  134  dist  5.28
ep 13: SUCCESS          reward    128.0  steps  548  dist  0.34
ep 14: SUCCESS          reward    121.3  steps  545  dist  0.27
ep 15: SUCCESS          reward    135.2  steps  615  dist  0.23
ep 16: SUCCESS          reward    122.5  steps  609  dist  0.28
ep 17: SUCCESS          reward    135.2  steps  532  dist  0.19
ep 18: SUCCESS          reward    124.5  steps  599  dist  0.15
ep 19: FAIL:dropped     reward      5.3  steps  229  dist  3.66
ep 20: SUCCESS          reward    111.5  steps  536  dist  0.34
ep 21: SUCCESS          reward    112.1  steps  560  dist  0.30
ep 22: FAIL:collision   reward     -0.9  steps  167  dist  4.67
ep 23: SUCCESS          reward    125.7  steps  608  dist  0.28
ep 24: SUCCESS          reward    132.1  steps  563  dist  0.12
ep 25: SUCCESS          reward    139.3  steps  562  dist  0.32
ep 26: SUCCESS          reward    137.7  steps  598  dist  0.09
ep 27: SUCCESS          reward    132.7  steps  563  dist  0.35
ep 28: FAIL:dropped     reward      0.9  steps  314  dist  3.02
ep 29: SUCCESS          reward    120.9  steps  568  dist  0.19
ep 30: SUCCESS          reward    137.2  steps  523  dist  0.33
ep 31: SUCCESS          reward    131.7  steps  582  dist  0.20
ep 32: FAIL:dropped     reward     -2.0  steps  184  dist  4.51
ep 33: SUCCESS          reward    141.5  steps  588  dist  0.09
ep 34: SUCCESS          reward    136.4  steps  536  dist  0.35
ep 35: FAIL:dropped     reward     -9.3  steps  154  dist  5.21
ep 36: SUCCESS          reward    122.2  steps  537  dist  0.31
ep 37: SUCCESS          reward    125.4  steps  581  dist  0.19
ep 38: SUCCESS          reward    121.9  steps  606  dist  0.18
ep 39: SUCCESS          reward    122.1  steps  599  dist  0.35
ep 40: FAIL:collision   reward      5.2  steps  310  dist  3.70
ep 41: SUCCESS          reward    126.6  steps  618  dist  0.24
ep 42: SUCCESS          reward    130.6  steps  524  dist  0.32
ep 43: SUCCESS          reward    126.3  steps  558  dist  0.16
ep 44: SUCCESS          reward    114.2  steps  620  dist  0.20
ep 45: SUCCESS          reward    137.9  steps  548  dist  0.18
ep 46: SUCCESS          reward    108.2  steps  690  dist  0.20
ep 47: SUCCESS          reward    132.9  steps  503  dist  0.34
ep 48: FAIL:dropped     reward      2.7  steps  332  dist  2.52
ep 49: SUCCESS          reward    124.8  steps  557  dist  0.09
ep 50: SUCCESS          reward    133.9  steps  540  dist  0.17
ep 51: FAIL:dropped     reward     -8.3  steps  185  dist  4.66
ep 52: SUCCESS          reward    136.9  steps  573  dist  0.19
ep 53: FAIL:collision   reward    -11.9  steps  254  dist  3.61
ep 54: SUCCESS          reward    125.7  steps  587  dist  0.33
ep 55: FAIL:stalled     reward      7.8  steps  739  dist  3.98
ep 56: SUCCESS          reward    135.7  steps  557  dist  0.20
ep 57: SUCCESS          reward    130.6  steps  561  dist  0.27
ep 58: SUCCESS          reward    136.2  steps  563  dist  0.19
ep 59: SUCCESS          reward    112.7  steps  834  dist  0.21
ep 60: SUCCESS          reward    135.1  steps  561  dist  0.25
------------------------------------------------------------
checkpoint      : best_policy/mirte_best
episodes        : 60
success         : 49/60  (82%)
failure causes  : {'dropped': 7, 'collision': 3, 'stalled': 1}
timeout         : 0/60
avg reward      : 103.9   median 125.1   trimmed(10%) 113.4
avg ep length   : 520 steps
avg final dist  : 0.94 m  (0 = goal, ~6.5 = no progress)
